This file contains any messages produced by compilers while
running configure, to aid debugging if configure makes a mistake.

It was created by libzip configure 1.2.0, which was
generated by GNU Autoconf 2.69.  Invocation command line was

  $ ./configure 

## --------- ##
## Platform. ##
## --------- ##

hostname = MacBook-Pro-de-Marco.local
uname -m = x86_64
uname -r = 16.6.0
uname -s = Darwin
uname -v = Darwin Kernel Version 16.6.0: Fri Apr 14 16:21:16 PDT 2017; root:xnu-3789.60.24~6/RELEASE_X86_64

/usr/bin/uname -p = i386
/bin/uname -X     = unknown

/bin/arch              = unknown
/usr/bin/arch -k       = unknown
/usr/convex/getsysinfo = unknown
/usr/bin/hostinfo      = Mach kernel version:
	 Darwin Kernel Version 16.6.0: Fri Apr 14 16:21:16 PDT 2017; root:xnu-3789.60.24~6/RELEASE_X86_64
Kernel configured for up to 8 processors.
4 processors are physically available.
8 processors are logically available.
Processor type: i486 (Intel 80486)
Processors active: 0 1 2 3 4 5 6 7
Primary memory available: 16.00 gigabytes
Default processor set: 373 tasks, 2002 threads, 8 processors
Load average: 2.45, Mach factor: 5.54
/bin/machine           = unknown
/usr/bin/oslevel       = unknown
/bin/universe          = unknown

PATH: /usr/local/bin
PATH: /usr/bin
PATH: /bin
PATH: /usr/sbin
PATH: /sbin
PATH: /opt/X11/bin
PATH: /usr/local/git/bin
PATH: /Library/Frameworks/Mono.framework/Versions/Current/Commands
PATH: /usr/local/bin
PATH: /Users/marcoh/.composer/vendor/bin
PATH: /Users/marcoh/Library/Python/2.7/bin


## ----------- ##
## Core tests. ##
## ----------- ##

configure:2605: checking for a BSD-compatible install
configure:2673: result: /usr/bin/install -c
configure:2684: checking whether build environment is sane
configure:2739: result: yes
configure:2890: checking for a thread-safe mkdir -p
configure:2929: result: ./install-sh -c -d
configure:2936: checking for gawk
configure:2966: result: no
configure:2936: checking for mawk
configure:2966: result: no
configure:2936: checking for nawk
configure:2966: result: no
configure:2936: checking for awk
configure:2952: found /usr/bin/awk
configure:2963: result: awk
configure:2974: checking whether make sets $(MAKE)
configure:2996: result: yes
configure:3025: checking whether make supports nested variables
configure:3042: result: yes
configure:3173: checking build system type
configure:3187: result: x86_64-apple-darwin16.6.0
configure:3207: checking host system type
configure:3220: result: x86_64-apple-darwin16.6.0
configure:3297: checking for gcc
configure:3313: found /usr/bin/gcc
configure:3324: result: gcc
configure:3553: checking for C compiler version
configure:3562: gcc --version >&5
Apple LLVM version 8.1.0 (clang-802.0.42)
Target: x86_64-apple-darwin16.6.0
Thread model: posix
InstalledDir: /Applications/Xcode.app/Contents/Developer/Toolchains/XcodeDefault.xctoolchain/usr/bin
Configured with: --prefix=/Applications/Xcode.app/Contents/Developer/usr --with-gxx-include-dir=/usr/include/c++/4.2.1
configure:3573: $? = 0
configure:3562: gcc -v >&5
Configured with: --prefix=/Applications/Xcode.app/Contents/Developer/usr --with-gxx-include-dir=/usr/include/c++/4.2.1
Apple LLVM version 8.1.0 (clang-802.0.42)
Target: x86_64-apple-darwin16.6.0
Thread model: posix
InstalledDir: /Applications/Xcode.app/Contents/Developer/Toolchains/XcodeDefault.xctoolchain/usr/bin
configure:3573: $? = 0
configure:3562: gcc -V >&5
clang: error: argument to '-V' is missing (expected 1 value)
clang: error: no input files
configure:3573: $? = 1
configure:3562: gcc -qversion >&5
clang: error: unknown argument: '-qversion'
clang: error: no input files
configure:3573: $? = 1
configure:3593: checking whether the C compiler works
configure:3615: gcc    conftest.c  >&5
configure:3619: $? = 0
configure:3667: result: yes
configure:3670: checking for C compiler default output file name
configure:3672: result: a.out
configure:3678: checking for suffix of executables
configure:3685: gcc -o conftest    conftest.c  >&5
configure:3689: $? = 0
configure:3711: result: 
configure:3733: checking whether we are cross compiling
configure:3741: gcc -o conftest    conftest.c  >&5
configure:3745: $? = 0
configure:3752: ./conftest
configure:3756: $? = 0
configure:3771: result: no
configure:3776: checking for suffix of object files
configure:3798: gcc -c   conftest.c >&5
configure:3802: $? = 0
configure:3823: result: o
configure:3827: checking whether we are using the GNU C compiler
configure:3846: gcc -c   conftest.c >&5
configure:3846: $? = 0
configure:3855: result: yes
configure:3864: checking whether gcc accepts -g
configure:3884: gcc -c -g  conftest.c >&5
configure:3884: $? = 0
configure:3925: result: yes
configure:3942: checking for gcc option to accept ISO C89
configure:4005: gcc  -c -g -O2  conftest.c >&5
configure:4005: $? = 0
configure:4018: result: none needed
configure:4043: checking whether gcc understands -c and -o together
configure:4065: gcc -c conftest.c -o conftest2.o
configure:4068: $? = 0
configure:4065: gcc -c conftest.c -o conftest2.o
configure:4068: $? = 0
configure:4080: result: yes
configure:4108: checking for style of include used by make
configure:4136: result: GNU
configure:4162: checking dependency style of gcc
configure:4273: result: gcc3
configure:4296: checking for special C compiler options needed for large files
configure:4341: result: no
configure:4347: checking for _FILE_OFFSET_BITS value needed for large files
configure:4372: gcc -c -g -O2  conftest.c >&5
configure:4372: $? = 0
configure:4404: result: no
configure:4495: checking how to run the C preprocessor
configure:4526: gcc -E  conftest.c
configure:4526: $? = 0
configure:4540: gcc -E  conftest.c
conftest.c:11:10: fatal error: 'ac_nonexistent.h' file not found
#include <ac_nonexistent.h>
         ^
1 error generated.
configure:4540: $? = 1
configure: failed program was:
| /* confdefs.h */
| #define PACKAGE_NAME "libzip"
| #define PACKAGE_TARNAME "libzip"
| #define PACKAGE_VERSION "1.2.0"
| #define PACKAGE_STRING "libzip 1.2.0"
| #define PACKAGE_BUGREPORT "libzip@nih.at"
| #define PACKAGE_URL ""
| #define PACKAGE "libzip"
| #define VERSION "1.2.0"
| /* end confdefs.h.  */
| #include <ac_nonexistent.h>
configure:4565: result: gcc -E
configure:4585: gcc -E  conftest.c
configure:4585: $? = 0
configure:4599: gcc -E  conftest.c
conftest.c:11:10: fatal error: 'ac_nonexistent.h' file not found
#include <ac_nonexistent.h>
         ^
1 error generated.
configure:4599: $? = 1
configure: failed program was:
| /* confdefs.h */
| #define PACKAGE_NAME "libzip"
| #define PACKAGE_TARNAME "libzip"
| #define PACKAGE_VERSION "1.2.0"
| #define PACKAGE_STRING "libzip 1.2.0"
| #define PACKAGE_BUGREPORT "libzip@nih.at"
| #define PACKAGE_URL ""
| #define PACKAGE "libzip"
| #define VERSION "1.2.0"
| /* end confdefs.h.  */
| #include <ac_nonexistent.h>
configure:4628: checking for grep that handles long lines and -e
configure:4686: result: /usr/bin/grep
configure:4691: checking for egrep
configure:4753: result: /usr/bin/grep -E
configure:4758: checking for ANSI C header files
configure:4778: gcc -c -g -O2  conftest.c >&5
configure:4778: $? = 0
configure:4851: gcc -o conftest -g -O2   conftest.c  >&5
configure:4851: $? = 0
configure:4851: ./conftest
configure:4851: $? = 0
configure:4862: result: yes
configure:4875: checking for sys/types.h
configure:4875: gcc -c -g -O2  conftest.c >&5
configure:4875: $? = 0
configure:4875: result: yes
configure:4875: checking for sys/stat.h
configure:4875: gcc -c -g -O2  conftest.c >&5
configure:4875: $? = 0
configure:4875: result: yes
configure:4875: checking for stdlib.h
configure:4875: gcc -c -g -O2  conftest.c >&5
configure:4875: $? = 0
configure:4875: result: yes
configure:4875: checking for string.h
configure:4875: gcc -c -g -O2  conftest.c >&5
configure:4875: $? = 0
configure:4875: result: yes
configure:4875: checking for memory.h
configure:4875: gcc -c -g -O2  conftest.c >&5
configure:4875: $? = 0
configure:4875: result: yes
configure:4875: checking for strings.h
configure:4875: gcc -c -g -O2  conftest.c >&5
configure:4875: $? = 0
configure:4875: result: yes
configure:4875: checking for inttypes.h
configure:4875: gcc -c -g -O2  conftest.c >&5
configure:4875: $? = 0
configure:4875: result: yes
configure:4875: checking for stdint.h
configure:4875: gcc -c -g -O2  conftest.c >&5
configure:4875: $? = 0
configure:4875: result: yes
configure:4875: checking for unistd.h
configure:4875: gcc -c -g -O2  conftest.c >&5
configure:4875: $? = 0
configure:4875: result: yes
configure:4887: checking whether byte ordering is bigendian
configure:4902: gcc -c -g -O2  conftest.c >&5
configure:4902: $? = 0
configure:4947: gcc -c -g -O2  conftest.c >&5
configure:4947: $? = 0
configure:4965: gcc -c -g -O2  conftest.c >&5
conftest.c:28:4: error: use of undeclared identifier 'not'
                 not big endian
                 ^
1 error generated.
configure:4965: $? = 1
configure: failed program was:
| /* confdefs.h */
| #define PACKAGE_NAME "libzip"
| #define PACKAGE_TARNAME "libzip"
| #define PACKAGE_VERSION "1.2.0"
| #define PACKAGE_STRING "libzip 1.2.0"
| #define PACKAGE_BUGREPORT "libzip@nih.at"
| #define PACKAGE_URL ""
| #define PACKAGE "libzip"
| #define VERSION "1.2.0"
| #define STDC_HEADERS 1
| #define HAVE_SYS_TYPES_H 1
| #define HAVE_SYS_STAT_H 1
| #define HAVE_STDLIB_H 1
| #define HAVE_STRING_H 1
| #define HAVE_MEMORY_H 1
| #define HAVE_STRINGS_H 1
| #define HAVE_INTTYPES_H 1
| #define HAVE_STDINT_H 1
| #define HAVE_UNISTD_H 1
| /* end confdefs.h.  */
| #include <sys/types.h>
| 		#include <sys/param.h>
| 
| int
| main ()
| {
| #if BYTE_ORDER != BIG_ENDIAN
| 		 not big endian
| 		#endif
| 
|   ;
|   return 0;
| }
configure:5093: result: no
configure:5137: checking for main in -lz
configure:5156: gcc -o conftest -g -O2   conftest.c -lz   >&5
configure:5156: $? = 0
configure:5165: result: yes
configure:5176: checking new ZLIB version
configure:5192: gcc -c -g -O2  conftest.c >&5
configure:5192: $? = 0
configure:5199: result: yes
configure:5254: checking how to print strings
configure:5281: result: printf
configure:5302: checking for a sed that does not truncate output
configure:5366: result: /usr/bin/sed
configure:5384: checking for fgrep
configure:5446: result: /usr/bin/grep -F
configure:5481: checking for ld used by gcc
configure:5548: result: /Applications/Xcode.app/Contents/Developer/Toolchains/XcodeDefault.xctoolchain/usr/bin/ld
configure:5555: checking if the linker (/Applications/Xcode.app/Contents/Developer/Toolchains/XcodeDefault.xctoolchain/usr/bin/ld) is GNU ld
configure:5570: result: no
configure:5582: checking for BSD- or MS-compatible name lister (nm)
configure:5631: result: /usr/bin/nm -B
configure:5761: checking the name lister (/usr/bin/nm -B) interface
configure:5768: gcc -c -g -O2  conftest.c >&5
configure:5771: /usr/bin/nm -B "conftest.o"
configure:5774: output
0000000000000200 S _some_variable
configure:5781: result: BSD nm
configure:5784: checking whether ln -s works
configure:5788: result: yes
configure:5796: checking the maximum length of command line arguments
configure:5926: result: 196608
configure:5943: checking whether the shell understands some XSI constructs
configure:5953: result: yes
configure:5957: checking whether the shell understands "+="
configure:5963: result: yes
configure:5998: checking how to convert x86_64-apple-darwin16.6.0 file names to x86_64-apple-darwin16.6.0 format
configure:6038: result: func_convert_file_noop
configure:6045: checking how to convert x86_64-apple-darwin16.6.0 file names to toolchain format
configure:6065: result: func_convert_file_noop
configure:6072: checking for /Applications/Xcode.app/Contents/Developer/Toolchains/XcodeDefault.xctoolchain/usr/bin/ld option to reload object files
configure:6079: result: -r
configure:6153: checking for objdump
configure:6169: found /usr/bin/objdump
configure:6180: result: objdump
configure:6212: checking how to recognize dependent libraries
configure:6414: result: pass_all
configure:6499: checking for dlltool
configure:6529: result: no
configure:6559: checking how to associate runtime and link libraries
configure:6586: result: printf %s\n
configure:6646: checking for ar
configure:6662: found /usr/bin/ar
configure:6673: result: ar
configure:6710: checking for archiver @FILE support
configure:6727: gcc -c -g -O2  conftest.c >&5
configure:6727: $? = 0
configure:6730: ar cru libconftest.a @conftest.lst >&5
ar: @conftest.lst: No such file or directory
configure:6733: $? = 1
configure:6753: result: no
configure:6811: checking for strip
configure:6827: found /usr/bin/strip
configure:6838: result: strip
configure:6910: checking for ranlib
configure:6926: found /usr/bin/ranlib
configure:6937: result: ranlib
configure:7039: checking command to parse /usr/bin/nm -B output from gcc object
configure:7159: gcc -c -g -O2  conftest.c >&5
configure:7162: $? = 0
configure:7166: /usr/bin/nm -B conftest.o \| sed -n -e 's/^.*[ ]\([BCDEGRST][BCDEGRST]*\)[ ][ ]*\([_A-Za-z][_A-Za-z0-9]*\)$/\1 \2 \2/p' | sed '/ __gnu_lto/d' \> conftest.nm
configure:7169: $? = 0
cannot find nm_test_var in conftest.nm
configure:7159: gcc -c -g -O2  conftest.c >&5
configure:7162: $? = 0
configure:7166: /usr/bin/nm -B conftest.o \| sed -n -e 's/^.*[ ]\([BCDEGRST][BCDEGRST]*\)[ ][ ]*_\([_A-Za-z][_A-Za-z0-9]*\)$/\1 _\2 \2/p' | sed '/ __gnu_lto/d' \> conftest.nm
configure:7169: $? = 0
configure:7235: gcc -o conftest -g -O2   conftest.c conftstm.o >&5
warning: (x86_64)  could not find object file symbol for symbol _main
configure:7238: $? = 0
configure:7276: result: ok
configure:7313: checking for sysroot
configure:7343: result: no
configure:7599: checking for mt
configure:7629: result: no
configure:7649: checking if : is a manifest tool
configure:7655: : '-?'
configure:7663: result: no
configure:7719: checking for dsymutil
configure:7735: found /usr/bin/dsymutil
configure:7746: result: dsymutil
configure:7811: checking for nmedit
configure:7827: found /usr/bin/nmedit
configure:7838: result: nmedit
configure:7903: checking for lipo
configure:7919: found /usr/bin/lipo
configure:7930: result: lipo
configure:7995: checking for otool
configure:8011: found /usr/bin/otool
configure:8022: result: otool
configure:8087: checking for otool64
configure:8117: result: no
configure:8162: checking for -single_module linker flag
gcc -g -O2  -o libconftest.dylib -dynamiclib -Wl,-single_module conftest.c
configure:8195: result: yes
configure:8198: checking for -exported_symbols_list linker flag
configure:8218: gcc -o conftest -g -O2   -Wl,-exported_symbols_list,conftest.sym conftest.c -lz  >&5
configure:8218: $? = 0
configure:8228: result: yes
configure:8231: checking for -force_load linker flag
gcc -g -O2 -c -o conftest.o conftest.c
ar cru libconftest.a conftest.o
ranlib libconftest.a
gcc -g -O2  -o conftest conftest.c -Wl,-force_load,./libconftest.a
configure:8263: result: yes
configure:8302: checking for dlfcn.h
configure:8302: gcc -c -g -O2  conftest.c >&5
configure:8302: $? = 0
configure:8302: result: yes
configure:8508: checking for objdir
configure:8523: result: .libs
configure:8794: checking if gcc supports -fno-rtti -fno-exceptions
configure:8812: gcc -c -g -O2  -fno-rtti -fno-exceptions conftest.c >&5
configure:8816: $? = 0
configure:8829: result: yes
configure:9156: checking for gcc option to produce PIC
configure:9163: result: -fno-common -DPIC
configure:9171: checking if gcc PIC flag -fno-common -DPIC works
configure:9189: gcc -c -g -O2  -fno-common -DPIC -DPIC conftest.c >&5
configure:9193: $? = 0
configure:9206: result: yes
configure:9235: checking if gcc static flag -static works
configure:9263: result: no
configure:9278: checking if gcc supports -c -o file.o
configure:9299: gcc -c -g -O2  -o out/conftest2.o conftest.c >&5
configure:9303: $? = 0
configure:9325: result: yes
configure:9333: checking if gcc supports -c -o file.o
configure:9380: result: yes
configure:9413: checking whether the gcc linker (/Applications/Xcode.app/Contents/Developer/Toolchains/XcodeDefault.xctoolchain/usr/bin/ld) supports shared libraries
configure:10566: result: yes
configure:10806: checking dynamic linker characteristics
configure:11539: result: darwin16.6.0 dyld
configure:11646: checking how to hardcode library paths into programs
configure:11671: result: immediate
configure:12211: checking whether stripping libraries is possible
configure:12225: result: yes
configure:12251: checking if libtool supports shared libraries
configure:12253: result: yes
configure:12256: checking whether to build shared libraries
configure:12277: result: yes
configure:12280: checking whether to build static libraries
configure:12284: result: yes
configure:12325: checking for _close
configure:12325: gcc -o conftest -g -O2   conftest.c -lz  >&5
Undefined symbols for architecture x86_64:
  "__close", referenced from:
      _main in conftest-3d22f9.o
ld: symbol(s) not found for architecture x86_64
clang: error: linker command failed with exit code 1 (use -v to see invocation)
configure:12325: $? = 1
configure: failed program was:
| /* confdefs.h */
| #define PACKAGE_NAME "libzip"
| #define PACKAGE_TARNAME "libzip"
| #define PACKAGE_VERSION "1.2.0"
| #define PACKAGE_STRING "libzip 1.2.0"
| #define PACKAGE_BUGREPORT "libzip@nih.at"
| #define PACKAGE_URL ""
| #define PACKAGE "libzip"
| #define VERSION "1.2.0"
| #define STDC_HEADERS 1
| #define HAVE_SYS_TYPES_H 1
| #define HAVE_SYS_STAT_H 1
| #define HAVE_STDLIB_H 1
| #define HAVE_STRING_H 1
| #define HAVE_MEMORY_H 1
| #define HAVE_STRINGS_H 1
| #define HAVE_INTTYPES_H 1
| #define HAVE_STDINT_H 1
| #define HAVE_UNISTD_H 1
| #define HAVE_LIBZ 1
| #define HAVE_DLFCN_H 1
| #define LT_OBJDIR ".libs/"
| /* end confdefs.h.  */
| /* Define _close to an innocuous variant, in case <limits.h> declares _close.
|    For example, HP-UX 11i <limits.h> declares gettimeofday.  */
| #define _close innocuous__close
| 
| /* System header to define __stub macros and hopefully few prototypes,
|     which can conflict with char _close (); below.
|     Prefer <limits.h> to <assert.h> if __STDC__ is defined, since
|     <limits.h> exists even on freestanding compilers.  */
| 
| #ifdef __STDC__
| # include <limits.h>
| #else
| # include <assert.h>
| #endif
| 
| #undef _close
| 
| /* Override any GCC internal prototype to avoid an error.
|    Use char because int might match the return type of a GCC
|    builtin and then its argument prototype would still apply.  */
| #ifdef __cplusplus
| extern "C"
| #endif
| char _close ();
| /* The GNU C library defines this for functions which it implements
|     to always fail with ENOSYS.  Some functions are actually named
|     something starting with __ and the normal name is an alias.  */
| #if defined __stub__close || defined __stub____close
| choke me
| #endif
| 
| int
| main ()
| {
| return _close ();
|   ;
|   return 0;
| }
configure:12325: result: no
configure:12325: checking for _dup
configure:12325: gcc -o conftest -g -O2   conftest.c -lz  >&5
Undefined symbols for architecture x86_64:
  "__dup", referenced from:
      _main in conftest-8025ee.o
ld: symbol(s) not found for architecture x86_64
clang: error: linker command failed with exit code 1 (use -v to see invocation)
configure:12325: $? = 1
configure: failed program was:
| /* confdefs.h */
| #define PACKAGE_NAME "libzip"
| #define PACKAGE_TARNAME "libzip"
| #define PACKAGE_VERSION "1.2.0"
| #define PACKAGE_STRING "libzip 1.2.0"
| #define PACKAGE_BUGREPORT "libzip@nih.at"
| #define PACKAGE_URL ""
| #define PACKAGE "libzip"
| #define VERSION "1.2.0"
| #define STDC_HEADERS 1
| #define HAVE_SYS_TYPES_H 1
| #define HAVE_SYS_STAT_H 1
| #define HAVE_STDLIB_H 1
| #define HAVE_STRING_H 1
| #define HAVE_MEMORY_H 1
| #define HAVE_STRINGS_H 1
| #define HAVE_INTTYPES_H 1
| #define HAVE_STDINT_H 1
| #define HAVE_UNISTD_H 1
| #define HAVE_LIBZ 1
| #define HAVE_DLFCN_H 1
| #define LT_OBJDIR ".libs/"
| /* end confdefs.h.  */
| /* Define _dup to an innocuous variant, in case <limits.h> declares _dup.
|    For example, HP-UX 11i <limits.h> declares gettimeofday.  */
| #define _dup innocuous__dup
| 
| /* System header to define __stub macros and hopefully few prototypes,
|     which can conflict with char _dup (); below.
|     Prefer <limits.h> to <assert.h> if __STDC__ is defined, since
|     <limits.h> exists even on freestanding compilers.  */
| 
| #ifdef __STDC__
| # include <limits.h>
| #else
| # include <assert.h>
| #endif
| 
| #undef _dup
| 
| /* Override any GCC internal prototype to avoid an error.
|    Use char because int might match the return type of a GCC
|    builtin and then its argument prototype would still apply.  */
| #ifdef __cplusplus
| extern "C"
| #endif
| char _dup ();
| /* The GNU C library defines this for functions which it implements
|     to always fail with ENOSYS.  Some functions are actually named
|     something starting with __ and the normal name is an alias.  */
| #if defined __stub__dup || defined __stub____dup
| choke me
| #endif
| 
| int
| main ()
| {
| return _dup ();
|   ;
|   return 0;
| }
configure:12325: result: no
configure:12325: checking for _fdopen
configure:12325: gcc -o conftest -g -O2   conftest.c -lz  >&5
Undefined symbols for architecture x86_64:
  "__fdopen", referenced from:
      _main in conftest-573dcd.o
ld: symbol(s) not found for architecture x86_64
clang: error: linker command failed with exit code 1 (use -v to see invocation)
configure:12325: $? = 1
configure: failed program was:
| /* confdefs.h */
| #define PACKAGE_NAME "libzip"
| #define PACKAGE_TARNAME "libzip"
| #define PACKAGE_VERSION "1.2.0"
| #define PACKAGE_STRING "libzip 1.2.0"
| #define PACKAGE_BUGREPORT "libzip@nih.at"
| #define PACKAGE_URL ""
| #define PACKAGE "libzip"
| #define VERSION "1.2.0"
| #define STDC_HEADERS 1
| #define HAVE_SYS_TYPES_H 1
| #define HAVE_SYS_STAT_H 1
| #define HAVE_STDLIB_H 1
| #define HAVE_STRING_H 1
| #define HAVE_MEMORY_H 1
| #define HAVE_STRINGS_H 1
| #define HAVE_INTTYPES_H 1
| #define HAVE_STDINT_H 1
| #define HAVE_UNISTD_H 1
| #define HAVE_LIBZ 1
| #define HAVE_DLFCN_H 1
| #define LT_OBJDIR ".libs/"
| /* end confdefs.h.  */
| /* Define _fdopen to an innocuous variant, in case <limits.h> declares _fdopen.
|    For example, HP-UX 11i <limits.h> declares gettimeofday.  */
| #define _fdopen innocuous__fdopen
| 
| /* System header to define __stub macros and hopefully few prototypes,
|     which can conflict with char _fdopen (); below.
|     Prefer <limits.h> to <assert.h> if __STDC__ is defined, since
|     <limits.h> exists even on freestanding compilers.  */
| 
| #ifdef __STDC__
| # include <limits.h>
| #else
| # include <assert.h>
| #endif
| 
| #undef _fdopen
| 
| /* Override any GCC internal prototype to avoid an error.
|    Use char because int might match the return type of a GCC
|    builtin and then its argument prototype would still apply.  */
| #ifdef __cplusplus
| extern "C"
| #endif
| char _fdopen ();
| /* The GNU C library defines this for functions which it implements
|     to always fail with ENOSYS.  Some functions are actually named
|     something starting with __ and the normal name is an alias.  */
| #if defined __stub__fdopen || defined __stub____fdopen
| choke me
| #endif
| 
| int
| main ()
| {
| return _fdopen ();
|   ;
|   return 0;
| }
configure:12325: result: no
configure:12325: checking for _fileno
configure:12325: gcc -o conftest -g -O2   conftest.c -lz  >&5
Undefined symbols for architecture x86_64:
  "__fileno", referenced from:
      _main in conftest-9dbbf0.o
ld: symbol(s) not found for architecture x86_64
clang: error: linker command failed with exit code 1 (use -v to see invocation)
configure:12325: $? = 1
configure: failed program was:
| /* confdefs.h */
| #define PACKAGE_NAME "libzip"
| #define PACKAGE_TARNAME "libzip"
| #define PACKAGE_VERSION "1.2.0"
| #define PACKAGE_STRING "libzip 1.2.0"
| #define PACKAGE_BUGREPORT "libzip@nih.at"
| #define PACKAGE_URL ""
| #define PACKAGE "libzip"
| #define VERSION "1.2.0"
| #define STDC_HEADERS 1
| #define HAVE_SYS_TYPES_H 1
| #define HAVE_SYS_STAT_H 1
| #define HAVE_STDLIB_H 1
| #define HAVE_STRING_H 1
| #define HAVE_MEMORY_H 1
| #define HAVE_STRINGS_H 1
| #define HAVE_INTTYPES_H 1
| #define HAVE_STDINT_H 1
| #define HAVE_UNISTD_H 1
| #define HAVE_LIBZ 1
| #define HAVE_DLFCN_H 1
| #define LT_OBJDIR ".libs/"
| /* end confdefs.h.  */
| /* Define _fileno to an innocuous variant, in case <limits.h> declares _fileno.
|    For example, HP-UX 11i <limits.h> declares gettimeofday.  */
| #define _fileno innocuous__fileno
| 
| /* System header to define __stub macros and hopefully few prototypes,
|     which can conflict with char _fileno (); below.
|     Prefer <limits.h> to <assert.h> if __STDC__ is defined, since
|     <limits.h> exists even on freestanding compilers.  */
| 
| #ifdef __STDC__
| # include <limits.h>
| #else
| # include <assert.h>
| #endif
| 
| #undef _fileno
| 
| /* Override any GCC internal prototype to avoid an error.
|    Use char because int might match the return type of a GCC
|    builtin and then its argument prototype would still apply.  */
| #ifdef __cplusplus
| extern "C"
| #endif
| char _fileno ();
| /* The GNU C library defines this for functions which it implements
|     to always fail with ENOSYS.  Some functions are actually named
|     something starting with __ and the normal name is an alias.  */
| #if defined __stub__fileno || defined __stub____fileno
| choke me
| #endif
| 
| int
| main ()
| {
| return _fileno ();
|   ;
|   return 0;
| }
configure:12325: result: no
configure:12325: checking for _open
configure:12325: gcc -o conftest -g -O2   conftest.c -lz  >&5
Undefined symbols for architecture x86_64:
  "__open", referenced from:
      _main in conftest-6965dc.o
ld: symbol(s) not found for architecture x86_64
clang: error: linker command failed with exit code 1 (use -v to see invocation)
configure:12325: $? = 1
configure: failed program was:
| /* confdefs.h */
| #define PACKAGE_NAME "libzip"
| #define PACKAGE_TARNAME "libzip"
| #define PACKAGE_VERSION "1.2.0"
| #define PACKAGE_STRING "libzip 1.2.0"
| #define PACKAGE_BUGREPORT "libzip@nih.at"
| #define PACKAGE_URL ""
| #define PACKAGE "libzip"
| #define VERSION "1.2.0"
| #define STDC_HEADERS 1
| #define HAVE_SYS_TYPES_H 1
| #define HAVE_SYS_STAT_H 1
| #define HAVE_STDLIB_H 1
| #define HAVE_STRING_H 1
| #define HAVE_MEMORY_H 1
| #define HAVE_STRINGS_H 1
| #define HAVE_INTTYPES_H 1
| #define HAVE_STDINT_H 1
| #define HAVE_UNISTD_H 1
| #define HAVE_LIBZ 1
| #define HAVE_DLFCN_H 1
| #define LT_OBJDIR ".libs/"
| /* end confdefs.h.  */
| /* Define _open to an innocuous variant, in case <limits.h> declares _open.
|    For example, HP-UX 11i <limits.h> declares gettimeofday.  */
| #define _open innocuous__open
| 
| /* System header to define __stub macros and hopefully few prototypes,
|     which can conflict with char _open (); below.
|     Prefer <limits.h> to <assert.h> if __STDC__ is defined, since
|     <limits.h> exists even on freestanding compilers.  */
| 
| #ifdef __STDC__
| # include <limits.h>
| #else
| # include <assert.h>
| #endif
| 
| #undef _open
| 
| /* Override any GCC internal prototype to avoid an error.
|    Use char because int might match the return type of a GCC
|    builtin and then its argument prototype would still apply.  */
| #ifdef __cplusplus
| extern "C"
| #endif
| char _open ();
| /* The GNU C library defines this for functions which it implements
|     to always fail with ENOSYS.  Some functions are actually named
|     something starting with __ and the normal name is an alias.  */
| #if defined __stub__open || defined __stub____open
| choke me
| #endif
| 
| int
| main ()
| {
| return _open ();
|   ;
|   return 0;
| }
configure:12325: result: no
configure:12325: checking for _setmode
configure:12325: gcc -o conftest -g -O2   conftest.c -lz  >&5
Undefined symbols for architecture x86_64:
  "__setmode", referenced from:
      _main in conftest-8ed720.o
ld: symbol(s) not found for architecture x86_64
clang: error: linker command failed with exit code 1 (use -v to see invocation)
configure:12325: $? = 1
configure: failed program was:
| /* confdefs.h */
| #define PACKAGE_NAME "libzip"
| #define PACKAGE_TARNAME "libzip"
| #define PACKAGE_VERSION "1.2.0"
| #define PACKAGE_STRING "libzip 1.2.0"
| #define PACKAGE_BUGREPORT "libzip@nih.at"
| #define PACKAGE_URL ""
| #define PACKAGE "libzip"
| #define VERSION "1.2.0"
| #define STDC_HEADERS 1
| #define HAVE_SYS_TYPES_H 1
| #define HAVE_SYS_STAT_H 1
| #define HAVE_STDLIB_H 1
| #define HAVE_STRING_H 1
| #define HAVE_MEMORY_H 1
| #define HAVE_STRINGS_H 1
| #define HAVE_INTTYPES_H 1
| #define HAVE_STDINT_H 1
| #define HAVE_UNISTD_H 1
| #define HAVE_LIBZ 1
| #define HAVE_DLFCN_H 1
| #define LT_OBJDIR ".libs/"
| /* end confdefs.h.  */
| /* Define _setmode to an innocuous variant, in case <limits.h> declares _setmode.
|    For example, HP-UX 11i <limits.h> declares gettimeofday.  */
| #define _setmode innocuous__setmode
| 
| /* System header to define __stub macros and hopefully few prototypes,
|     which can conflict with char _setmode (); below.
|     Prefer <limits.h> to <assert.h> if __STDC__ is defined, since
|     <limits.h> exists even on freestanding compilers.  */
| 
| #ifdef __STDC__
| # include <limits.h>
| #else
| # include <assert.h>
| #endif
| 
| #undef _setmode
| 
| /* Override any GCC internal prototype to avoid an error.
|    Use char because int might match the return type of a GCC
|    builtin and then its argument prototype would still apply.  */
| #ifdef __cplusplus
| extern "C"
| #endif
| char _setmode ();
| /* The GNU C library defines this for functions which it implements
|     to always fail with ENOSYS.  Some functions are actually named
|     something starting with __ and the normal name is an alias.  */
| #if defined __stub__setmode || defined __stub____setmode
| choke me
| #endif
| 
| int
| main ()
| {
| return _setmode ();
|   ;
|   return 0;
| }
configure:12325: result: no
configure:12325: checking for _snprintf
configure:12325: gcc -o conftest -g -O2   conftest.c -lz  >&5
Undefined symbols for architecture x86_64:
  "__snprintf", referenced from:
      _main in conftest-95e098.o
ld: symbol(s) not found for architecture x86_64
clang: error: linker command failed with exit code 1 (use -v to see invocation)
configure:12325: $? = 1
configure: failed program was:
| /* confdefs.h */
| #define PACKAGE_NAME "libzip"
| #define PACKAGE_TARNAME "libzip"
| #define PACKAGE_VERSION "1.2.0"
| #define PACKAGE_STRING "libzip 1.2.0"
| #define PACKAGE_BUGREPORT "libzip@nih.at"
| #define PACKAGE_URL ""
| #define PACKAGE "libzip"
| #define VERSION "1.2.0"
| #define STDC_HEADERS 1
| #define HAVE_SYS_TYPES_H 1
| #define HAVE_SYS_STAT_H 1
| #define HAVE_STDLIB_H 1
| #define HAVE_STRING_H 1
| #define HAVE_MEMORY_H 1
| #define HAVE_STRINGS_H 1
| #define HAVE_INTTYPES_H 1
| #define HAVE_STDINT_H 1
| #define HAVE_UNISTD_H 1
| #define HAVE_LIBZ 1
| #define HAVE_DLFCN_H 1
| #define LT_OBJDIR ".libs/"
| /* end confdefs.h.  */
| /* Define _snprintf to an innocuous variant, in case <limits.h> declares _snprintf.
|    For example, HP-UX 11i <limits.h> declares gettimeofday.  */
| #define _snprintf innocuous__snprintf
| 
| /* System header to define __stub macros and hopefully few prototypes,
|     which can conflict with char _snprintf (); below.
|     Prefer <limits.h> to <assert.h> if __STDC__ is defined, since
|     <limits.h> exists even on freestanding compilers.  */
| 
| #ifdef __STDC__
| # include <limits.h>
| #else
| # include <assert.h>
| #endif
| 
| #undef _snprintf
| 
| /* Override any GCC internal prototype to avoid an error.
|    Use char because int might match the return type of a GCC
|    builtin and then its argument prototype would still apply.  */
| #ifdef __cplusplus
| extern "C"
| #endif
| char _snprintf ();
| /* The GNU C library defines this for functions which it implements
|     to always fail with ENOSYS.  Some functions are actually named
|     something starting with __ and the normal name is an alias.  */
| #if defined __stub__snprintf || defined __stub____snprintf
| choke me
| #endif
| 
| int
| main ()
| {
| return _snprintf ();
|   ;
|   return 0;
| }
configure:12325: result: no
configure:12325: checking for _strdup
configure:12325: gcc -o conftest -g -O2   conftest.c -lz  >&5
Undefined symbols for architecture x86_64:
  "__strdup", referenced from:
      _main in conftest-062d28.o
ld: symbol(s) not found for architecture x86_64
clang: error: linker command failed with exit code 1 (use -v to see invocation)
configure:12325: $? = 1
configure: failed program was:
| /* confdefs.h */
| #define PACKAGE_NAME "libzip"
| #define PACKAGE_TARNAME "libzip"
| #define PACKAGE_VERSION "1.2.0"
| #define PACKAGE_STRING "libzip 1.2.0"
| #define PACKAGE_BUGREPORT "libzip@nih.at"
| #define PACKAGE_URL ""
| #define PACKAGE "libzip"
| #define VERSION "1.2.0"
| #define STDC_HEADERS 1
| #define HAVE_SYS_TYPES_H 1
| #define HAVE_SYS_STAT_H 1
| #define HAVE_STDLIB_H 1
| #define HAVE_STRING_H 1
| #define HAVE_MEMORY_H 1
| #define HAVE_STRINGS_H 1
| #define HAVE_INTTYPES_H 1
| #define HAVE_STDINT_H 1
| #define HAVE_UNISTD_H 1
| #define HAVE_LIBZ 1
| #define HAVE_DLFCN_H 1
| #define LT_OBJDIR ".libs/"
| /* end confdefs.h.  */
| /* Define _strdup to an innocuous variant, in case <limits.h> declares _strdup.
|    For example, HP-UX 11i <limits.h> declares gettimeofday.  */
| #define _strdup innocuous__strdup
| 
| /* System header to define __stub macros and hopefully few prototypes,
|     which can conflict with char _strdup (); below.
|     Prefer <limits.h> to <assert.h> if __STDC__ is defined, since
|     <limits.h> exists even on freestanding compilers.  */
| 
| #ifdef __STDC__
| # include <limits.h>
| #else
| # include <assert.h>
| #endif
| 
| #undef _strdup
| 
| /* Override any GCC internal prototype to avoid an error.
|    Use char because int might match the return type of a GCC
|    builtin and then its argument prototype would still apply.  */
| #ifdef __cplusplus
| extern "C"
| #endif
| char _strdup ();
| /* The GNU C library defines this for functions which it implements
|     to always fail with ENOSYS.  Some functions are actually named
|     something starting with __ and the normal name is an alias.  */
| #if defined __stub__strdup || defined __stub____strdup
| choke me
| #endif
| 
| int
| main ()
| {
| return _strdup ();
|   ;
|   return 0;
| }
configure:12325: result: no
configure:12325: checking for _stricmp
configure:12325: gcc -o conftest -g -O2   conftest.c -lz  >&5
Undefined symbols for architecture x86_64:
  "__stricmp", referenced from:
      _main in conftest-93571d.o
ld: symbol(s) not found for architecture x86_64
clang: error: linker command failed with exit code 1 (use -v to see invocation)
configure:12325: $? = 1
configure: failed program was:
| /* confdefs.h */
| #define PACKAGE_NAME "libzip"
| #define PACKAGE_TARNAME "libzip"
| #define PACKAGE_VERSION "1.2.0"
| #define PACKAGE_STRING "libzip 1.2.0"
| #define PACKAGE_BUGREPORT "libzip@nih.at"
| #define PACKAGE_URL ""
| #define PACKAGE "libzip"
| #define VERSION "1.2.0"
| #define STDC_HEADERS 1
| #define HAVE_SYS_TYPES_H 1
| #define HAVE_SYS_STAT_H 1
| #define HAVE_STDLIB_H 1
| #define HAVE_STRING_H 1
| #define HAVE_MEMORY_H 1
| #define HAVE_STRINGS_H 1
| #define HAVE_INTTYPES_H 1
| #define HAVE_STDINT_H 1
| #define HAVE_UNISTD_H 1
| #define HAVE_LIBZ 1
| #define HAVE_DLFCN_H 1
| #define LT_OBJDIR ".libs/"
| /* end confdefs.h.  */
| /* Define _stricmp to an innocuous variant, in case <limits.h> declares _stricmp.
|    For example, HP-UX 11i <limits.h> declares gettimeofday.  */
| #define _stricmp innocuous__stricmp
| 
| /* System header to define __stub macros and hopefully few prototypes,
|     which can conflict with char _stricmp (); below.
|     Prefer <limits.h> to <assert.h> if __STDC__ is defined, since
|     <limits.h> exists even on freestanding compilers.  */
| 
| #ifdef __STDC__
| # include <limits.h>
| #else
| # include <assert.h>
| #endif
| 
| #undef _stricmp
| 
| /* Override any GCC internal prototype to avoid an error.
|    Use char because int might match the return type of a GCC
|    builtin and then its argument prototype would still apply.  */
| #ifdef __cplusplus
| extern "C"
| #endif
| char _stricmp ();
| /* The GNU C library defines this for functions which it implements
|     to always fail with ENOSYS.  Some functions are actually named
|     something starting with __ and the normal name is an alias.  */
| #if defined __stub__stricmp || defined __stub____stricmp
| choke me
| #endif
| 
| int
| main ()
| {
| return _stricmp ();
|   ;
|   return 0;
| }
configure:12325: result: no
configure:12325: checking for _strtoi64
configure:12325: gcc -o conftest -g -O2   conftest.c -lz  >&5
Undefined symbols for architecture x86_64:
  "__strtoi64", referenced from:
      _main in conftest-b051d1.o
ld: symbol(s) not found for architecture x86_64
clang: error: linker command failed with exit code 1 (use -v to see invocation)
configure:12325: $? = 1
configure: failed program was:
| /* confdefs.h */
| #define PACKAGE_NAME "libzip"
| #define PACKAGE_TARNAME "libzip"
| #define PACKAGE_VERSION "1.2.0"
| #define PACKAGE_STRING "libzip 1.2.0"
| #define PACKAGE_BUGREPORT "libzip@nih.at"
| #define PACKAGE_URL ""
| #define PACKAGE "libzip"
| #define VERSION "1.2.0"
| #define STDC_HEADERS 1
| #define HAVE_SYS_TYPES_H 1
| #define HAVE_SYS_STAT_H 1
| #define HAVE_STDLIB_H 1
| #define HAVE_STRING_H 1
| #define HAVE_MEMORY_H 1
| #define HAVE_STRINGS_H 1
| #define HAVE_INTTYPES_H 1
| #define HAVE_STDINT_H 1
| #define HAVE_UNISTD_H 1
| #define HAVE_LIBZ 1
| #define HAVE_DLFCN_H 1
| #define LT_OBJDIR ".libs/"
| /* end confdefs.h.  */
| /* Define _strtoi64 to an innocuous variant, in case <limits.h> declares _strtoi64.
|    For example, HP-UX 11i <limits.h> declares gettimeofday.  */
| #define _strtoi64 innocuous__strtoi64
| 
| /* System header to define __stub macros and hopefully few prototypes,
|     which can conflict with char _strtoi64 (); below.
|     Prefer <limits.h> to <assert.h> if __STDC__ is defined, since
|     <limits.h> exists even on freestanding compilers.  */
| 
| #ifdef __STDC__
| # include <limits.h>
| #else
| # include <assert.h>
| #endif
| 
| #undef _strtoi64
| 
| /* Override any GCC internal prototype to avoid an error.
|    Use char because int might match the return type of a GCC
|    builtin and then its argument prototype would still apply.  */
| #ifdef __cplusplus
| extern "C"
| #endif
| char _strtoi64 ();
| /* The GNU C library defines this for functions which it implements
|     to always fail with ENOSYS.  Some functions are actually named
|     something starting with __ and the normal name is an alias.  */
| #if defined __stub__strtoi64 || defined __stub____strtoi64
| choke me
| #endif
| 
| int
| main ()
| {
| return _strtoi64 ();
|   ;
|   return 0;
| }
configure:12325: result: no
configure:12325: checking for _strtoui64
configure:12325: gcc -o conftest -g -O2   conftest.c -lz  >&5
Undefined symbols for architecture x86_64:
  "__strtoui64", referenced from:
      _main in conftest-debf31.o
ld: symbol(s) not found for architecture x86_64
clang: error: linker command failed with exit code 1 (use -v to see invocation)
configure:12325: $? = 1
configure: failed program was:
| /* confdefs.h */
| #define PACKAGE_NAME "libzip"
| #define PACKAGE_TARNAME "libzip"
| #define PACKAGE_VERSION "1.2.0"
| #define PACKAGE_STRING "libzip 1.2.0"
| #define PACKAGE_BUGREPORT "libzip@nih.at"
| #define PACKAGE_URL ""
| #define PACKAGE "libzip"
| #define VERSION "1.2.0"
| #define STDC_HEADERS 1
| #define HAVE_SYS_TYPES_H 1
| #define HAVE_SYS_STAT_H 1
| #define HAVE_STDLIB_H 1
| #define HAVE_STRING_H 1
| #define HAVE_MEMORY_H 1
| #define HAVE_STRINGS_H 1
| #define HAVE_INTTYPES_H 1
| #define HAVE_STDINT_H 1
| #define HAVE_UNISTD_H 1
| #define HAVE_LIBZ 1
| #define HAVE_DLFCN_H 1
| #define LT_OBJDIR ".libs/"
| /* end confdefs.h.  */
| /* Define _strtoui64 to an innocuous variant, in case <limits.h> declares _strtoui64.
|    For example, HP-UX 11i <limits.h> declares gettimeofday.  */
| #define _strtoui64 innocuous__strtoui64
| 
| /* System header to define __stub macros and hopefully few prototypes,
|     which can conflict with char _strtoui64 (); below.
|     Prefer <limits.h> to <assert.h> if __STDC__ is defined, since
|     <limits.h> exists even on freestanding compilers.  */
| 
| #ifdef __STDC__
| # include <limits.h>
| #else
| # include <assert.h>
| #endif
| 
| #undef _strtoui64
| 
| /* Override any GCC internal prototype to avoid an error.
|    Use char because int might match the return type of a GCC
|    builtin and then its argument prototype would still apply.  */
| #ifdef __cplusplus
| extern "C"
| #endif
| char _strtoui64 ();
| /* The GNU C library defines this for functions which it implements
|     to always fail with ENOSYS.  Some functions are actually named
|     something starting with __ and the normal name is an alias.  */
| #if defined __stub__strtoui64 || defined __stub____strtoui64
| choke me
| #endif
| 
| int
| main ()
| {
| return _strtoui64 ();
|   ;
|   return 0;
| }
configure:12325: result: no
configure:12325: checking for explicit_bzero
configure:12325: gcc -o conftest -g -O2   conftest.c -lz  >&5
Undefined symbols for architecture x86_64:
  "_explicit_bzero", referenced from:
      _main in conftest-f10734.o
ld: symbol(s) not found for architecture x86_64
clang: error: linker command failed with exit code 1 (use -v to see invocation)
configure:12325: $? = 1
configure: failed program was:
| /* confdefs.h */
| #define PACKAGE_NAME "libzip"
| #define PACKAGE_TARNAME "libzip"
| #define PACKAGE_VERSION "1.2.0"
| #define PACKAGE_STRING "libzip 1.2.0"
| #define PACKAGE_BUGREPORT "libzip@nih.at"
| #define PACKAGE_URL ""
| #define PACKAGE "libzip"
| #define VERSION "1.2.0"
| #define STDC_HEADERS 1
| #define HAVE_SYS_TYPES_H 1
| #define HAVE_SYS_STAT_H 1
| #define HAVE_STDLIB_H 1
| #define HAVE_STRING_H 1
| #define HAVE_MEMORY_H 1
| #define HAVE_STRINGS_H 1
| #define HAVE_INTTYPES_H 1
| #define HAVE_STDINT_H 1
| #define HAVE_UNISTD_H 1
| #define HAVE_LIBZ 1
| #define HAVE_DLFCN_H 1
| #define LT_OBJDIR ".libs/"
| /* end confdefs.h.  */
| /* Define explicit_bzero to an innocuous variant, in case <limits.h> declares explicit_bzero.
|    For example, HP-UX 11i <limits.h> declares gettimeofday.  */
| #define explicit_bzero innocuous_explicit_bzero
| 
| /* System header to define __stub macros and hopefully few prototypes,
|     which can conflict with char explicit_bzero (); below.
|     Prefer <limits.h> to <assert.h> if __STDC__ is defined, since
|     <limits.h> exists even on freestanding compilers.  */
| 
| #ifdef __STDC__
| # include <limits.h>
| #else
| # include <assert.h>
| #endif
| 
| #undef explicit_bzero
| 
| /* Override any GCC internal prototype to avoid an error.
|    Use char because int might match the return type of a GCC
|    builtin and then its argument prototype would still apply.  */
| #ifdef __cplusplus
| extern "C"
| #endif
| char explicit_bzero ();
| /* The GNU C library defines this for functions which it implements
|     to always fail with ENOSYS.  Some functions are actually named
|     something starting with __ and the normal name is an alias.  */
| #if defined __stub_explicit_bzero || defined __stub___explicit_bzero
| choke me
| #endif
| 
| int
| main ()
| {
| return explicit_bzero ();
|   ;
|   return 0;
| }
configure:12325: result: no
configure:12325: checking for explicit_memset
configure:12325: gcc -o conftest -g -O2   conftest.c -lz  >&5
Undefined symbols for architecture x86_64:
  "_explicit_memset", referenced from:
      _main in conftest-d7ffd3.o
ld: symbol(s) not found for architecture x86_64
clang: error: linker command failed with exit code 1 (use -v to see invocation)
configure:12325: $? = 1
configure: failed program was:
| /* confdefs.h */
| #define PACKAGE_NAME "libzip"
| #define PACKAGE_TARNAME "libzip"
| #define PACKAGE_VERSION "1.2.0"
| #define PACKAGE_STRING "libzip 1.2.0"
| #define PACKAGE_BUGREPORT "libzip@nih.at"
| #define PACKAGE_URL ""
| #define PACKAGE "libzip"
| #define VERSION "1.2.0"
| #define STDC_HEADERS 1
| #define HAVE_SYS_TYPES_H 1
| #define HAVE_SYS_STAT_H 1
| #define HAVE_STDLIB_H 1
| #define HAVE_STRING_H 1
| #define HAVE_MEMORY_H 1
| #define HAVE_STRINGS_H 1
| #define HAVE_INTTYPES_H 1
| #define HAVE_STDINT_H 1
| #define HAVE_UNISTD_H 1
| #define HAVE_LIBZ 1
| #define HAVE_DLFCN_H 1
| #define LT_OBJDIR ".libs/"
| /* end confdefs.h.  */
| /* Define explicit_memset to an innocuous variant, in case <limits.h> declares explicit_memset.
|    For example, HP-UX 11i <limits.h> declares gettimeofday.  */
| #define explicit_memset innocuous_explicit_memset
| 
| /* System header to define __stub macros and hopefully few prototypes,
|     which can conflict with char explicit_memset (); below.
|     Prefer <limits.h> to <assert.h> if __STDC__ is defined, since
|     <limits.h> exists even on freestanding compilers.  */
| 
| #ifdef __STDC__
| # include <limits.h>
| #else
| # include <assert.h>
| #endif
| 
| #undef explicit_memset
| 
| /* Override any GCC internal prototype to avoid an error.
|    Use char because int might match the return type of a GCC
|    builtin and then its argument prototype would still apply.  */
| #ifdef __cplusplus
| extern "C"
| #endif
| char explicit_memset ();
| /* The GNU C library defines this for functions which it implements
|     to always fail with ENOSYS.  Some functions are actually named
|     something starting with __ and the normal name is an alias.  */
| #if defined __stub_explicit_memset || defined __stub___explicit_memset
| choke me
| #endif
| 
| int
| main ()
| {
| return explicit_memset ();
|   ;
|   return 0;
| }
configure:12325: result: no
configure:12325: checking for fileno
configure:12325: gcc -o conftest -g -O2   conftest.c -lz  >&5
configure:12325: $? = 0
configure:12325: result: yes
configure:12325: checking for fseeko
configure:12325: gcc -o conftest -g -O2   conftest.c -lz  >&5
configure:12325: $? = 0
configure:12325: result: yes
configure:12325: checking for ftello
configure:12325: gcc -o conftest -g -O2   conftest.c -lz  >&5
configure:12325: $? = 0
configure:12325: result: yes
configure:12325: checking for getopt
configure:12325: gcc -o conftest -g -O2   conftest.c -lz  >&5
configure:12325: $? = 0
configure:12325: result: yes
configure:12325: checking for getprogname
configure:12325: gcc -o conftest -g -O2   conftest.c -lz  >&5
configure:12325: $? = 0
configure:12325: result: yes
configure:12325: checking for open
configure:12325: gcc -o conftest -g -O2   conftest.c -lz  >&5
configure:12325: $? = 0
configure:12325: result: yes
configure:12325: checking for setmode
configure:12325: gcc -o conftest -g -O2   conftest.c -lz  >&5
configure:12325: $? = 0
configure:12325: result: yes
configure:12325: checking for snprintf
configure:12325: gcc -o conftest -g -O2   conftest.c -lz  >&5
conftest.c:54:6: warning: incompatible redeclaration of library function 'snprintf' [-Wincompatible-library-redeclaration]
char snprintf ();
     ^
conftest.c:54:6: note: 'snprintf' is a builtin with type 'int (char *, unsigned long, const char *, ...)'
1 warning generated.
configure:12325: $? = 0
configure:12325: result: yes
configure:12325: checking for strcasecmp
configure:12325: gcc -o conftest -g -O2   conftest.c -lz  >&5
conftest.c:55:6: warning: incompatible redeclaration of library function 'strcasecmp' [-Wincompatible-library-redeclaration]
char strcasecmp ();
     ^
conftest.c:55:6: note: 'strcasecmp' is a builtin with type 'int (const char *, const char *)'
1 warning generated.
configure:12325: $? = 0
configure:12325: result: yes
configure:12325: checking for strdup
configure:12325: gcc -o conftest -g -O2   conftest.c -lz  >&5
conftest.c:56:6: warning: incompatible redeclaration of library function 'strdup' [-Wincompatible-library-redeclaration]
char strdup ();
     ^
conftest.c:56:6: note: 'strdup' is a builtin with type 'char *(const char *)'
1 warning generated.
configure:12325: $? = 0
configure:12325: result: yes
configure:12325: checking for stricmp
configure:12325: gcc -o conftest -g -O2   conftest.c -lz  >&5
Undefined symbols for architecture x86_64:
  "_stricmp", referenced from:
      _main in conftest-2398ff.o
ld: symbol(s) not found for architecture x86_64
clang: error: linker command failed with exit code 1 (use -v to see invocation)
configure:12325: $? = 1
configure: failed program was:
| /* confdefs.h */
| #define PACKAGE_NAME "libzip"
| #define PACKAGE_TARNAME "libzip"
| #define PACKAGE_VERSION "1.2.0"
| #define PACKAGE_STRING "libzip 1.2.0"
| #define PACKAGE_BUGREPORT "libzip@nih.at"
| #define PACKAGE_URL ""
| #define PACKAGE "libzip"
| #define VERSION "1.2.0"
| #define STDC_HEADERS 1
| #define HAVE_SYS_TYPES_H 1
| #define HAVE_SYS_STAT_H 1
| #define HAVE_STDLIB_H 1
| #define HAVE_STRING_H 1
| #define HAVE_MEMORY_H 1
| #define HAVE_STRINGS_H 1
| #define HAVE_INTTYPES_H 1
| #define HAVE_STDINT_H 1
| #define HAVE_UNISTD_H 1
| #define HAVE_LIBZ 1
| #define HAVE_DLFCN_H 1
| #define LT_OBJDIR ".libs/"
| #define HAVE_FILENO 1
| #define HAVE_FSEEKO 1
| #define HAVE_FTELLO 1
| #define HAVE_GETOPT 1
| #define HAVE_GETPROGNAME 1
| #define HAVE_OPEN 1
| #define HAVE_SETMODE 1
| #define HAVE_SNPRINTF 1
| #define HAVE_STRCASECMP 1
| #define HAVE_STRDUP 1
| /* end confdefs.h.  */
| /* Define stricmp to an innocuous variant, in case <limits.h> declares stricmp.
|    For example, HP-UX 11i <limits.h> declares gettimeofday.  */
| #define stricmp innocuous_stricmp
| 
| /* System header to define __stub macros and hopefully few prototypes,
|     which can conflict with char stricmp (); below.
|     Prefer <limits.h> to <assert.h> if __STDC__ is defined, since
|     <limits.h> exists even on freestanding compilers.  */
| 
| #ifdef __STDC__
| # include <limits.h>
| #else
| # include <assert.h>
| #endif
| 
| #undef stricmp
| 
| /* Override any GCC internal prototype to avoid an error.
|    Use char because int might match the return type of a GCC
|    builtin and then its argument prototype would still apply.  */
| #ifdef __cplusplus
| extern "C"
| #endif
| char stricmp ();
| /* The GNU C library defines this for functions which it implements
|     to always fail with ENOSYS.  Some functions are actually named
|     something starting with __ and the normal name is an alias.  */
| #if defined __stub_stricmp || defined __stub___stricmp
| choke me
| #endif
| 
| int
| main ()
| {
| return stricmp ();
|   ;
|   return 0;
| }
configure:12325: result: no
configure:12325: checking for strtoll
configure:12325: gcc -o conftest -g -O2   conftest.c -lz  >&5
configure:12325: $? = 0
configure:12325: result: yes
configure:12325: checking for strtoull
configure:12325: gcc -o conftest -g -O2   conftest.c -lz  >&5
configure:12325: $? = 0
configure:12325: result: yes
configure:12336: checking for mkstemp
configure:12336: gcc -o conftest -g -O2   conftest.c -lz  >&5
configure:12336: $? = 0
configure:12336: result: yes
configure:12354: checking for dlsym in -ldl
configure:12379: gcc -o conftest -g -O2   conftest.c -ldl  -lz  >&5
configure:12379: $? = 0
configure:12388: result: yes
configure:12396: checking if libc defines __progname
configure:12412: gcc -o conftest -g -O2   conftest.c -lz  >&5
conftest.c:41:27: warning: implicitly declaring library function 'printf' with type 'int (const char *, ...)' [-Wimplicit-function-declaration]
 extern char *__progname; printf("%s", __progname);
                          ^
conftest.c:41:27: note: include the header <stdio.h> or explicitly provide a declaration for 'printf'
1 warning generated.
configure:12412: $? = 0
configure:12421: result: yes
configure:12429: checking whether we are building for a Win32 host
configure:12441: gcc -c -g -O2  conftest.c >&5
configure:12441: $? = 0
configure:12448: result: no
configure:12462: checking fts.h usability
configure:12462: gcc -c -g -O2  conftest.c >&5
configure:12462: $? = 0
configure:12462: result: yes
configure:12462: checking fts.h presence
configure:12462: gcc -E  conftest.c
configure:12462: $? = 0
configure:12462: result: yes
configure:12462: checking for fts.h
configure:12462: result: yes
configure:12462: checking stdbool.h usability
configure:12462: gcc -c -g -O2  conftest.c >&5
configure:12462: $? = 0
configure:12462: result: yes
configure:12462: checking stdbool.h presence
configure:12462: gcc -E  conftest.c
configure:12462: $? = 0
configure:12462: result: yes
configure:12462: checking for stdbool.h
configure:12462: result: yes
configure:12462: checking for strings.h
configure:12462: result: yes
configure:12462: checking for unistd.h
configure:12462: result: yes
configure:12473: checking for int8_t
configure:12473: gcc -c -g -O2  conftest.c >&5
configure:12473: $? = 0
configure:12473: gcc -c -g -O2  conftest.c >&5
conftest.c:78:21: error: expected expression
if (sizeof ((int8_t)))
                    ^
1 error generated.
configure:12473: $? = 1
configure: failed program was:
| /* confdefs.h */
| #define PACKAGE_NAME "libzip"
| #define PACKAGE_TARNAME "libzip"
| #define PACKAGE_VERSION "1.2.0"
| #define PACKAGE_STRING "libzip 1.2.0"
| #define PACKAGE_BUGREPORT "libzip@nih.at"
| #define PACKAGE_URL ""
| #define PACKAGE "libzip"
| #define VERSION "1.2.0"
| #define STDC_HEADERS 1
| #define HAVE_SYS_TYPES_H 1
| #define HAVE_SYS_STAT_H 1
| #define HAVE_STDLIB_H 1
| #define HAVE_STRING_H 1
| #define HAVE_MEMORY_H 1
| #define HAVE_STRINGS_H 1
| #define HAVE_INTTYPES_H 1
| #define HAVE_STDINT_H 1
| #define HAVE_UNISTD_H 1
| #define HAVE_LIBZ 1
| #define HAVE_DLFCN_H 1
| #define LT_OBJDIR ".libs/"
| #define HAVE_FILENO 1
| #define HAVE_FSEEKO 1
| #define HAVE_FTELLO 1
| #define HAVE_GETOPT 1
| #define HAVE_GETPROGNAME 1
| #define HAVE_OPEN 1
| #define HAVE_SETMODE 1
| #define HAVE_SNPRINTF 1
| #define HAVE_STRCASECMP 1
| #define HAVE_STRDUP 1
| #define HAVE_STRTOLL 1
| #define HAVE_STRTOULL 1
| #define HAVE_MKSTEMP 1
| #define HAVE___PROGNAME 1
| #define HAVE_FTS_H 1
| #define HAVE_STDBOOL_H 1
| #define HAVE_STRINGS_H 1
| #define HAVE_UNISTD_H 1
| /* end confdefs.h.  */
| #include <stdio.h>
| #ifdef HAVE_SYS_TYPES_H
| # include <sys/types.h>
| #endif
| #ifdef HAVE_SYS_STAT_H
| # include <sys/stat.h>
| #endif
| #ifdef STDC_HEADERS
| # include <stdlib.h>
| # include <stddef.h>
| #else
| # ifdef HAVE_STDLIB_H
| #  include <stdlib.h>
| # endif
| #endif
| #ifdef HAVE_STRING_H
| # if !defined STDC_HEADERS && defined HAVE_MEMORY_H
| #  include <memory.h>
| # endif
| # include <string.h>
| #endif
| #ifdef HAVE_STRINGS_H
| # include <strings.h>
| #endif
| #ifdef HAVE_INTTYPES_H
| # include <inttypes.h>
| #endif
| #ifdef HAVE_STDINT_H
| # include <stdint.h>
| #endif
| #ifdef HAVE_UNISTD_H
| # include <unistd.h>
| #endif
| int
| main ()
| {
| if (sizeof ((int8_t)))
| 	    return 0;
|   ;
|   return 0;
| }
configure:12473: result: yes
configure:12483: checking for int16_t
configure:12483: gcc -c -g -O2  conftest.c >&5
configure:12483: $? = 0
configure:12483: gcc -c -g -O2  conftest.c >&5
conftest.c:79:22: error: expected expression
if (sizeof ((int16_t)))
                     ^
1 error generated.
configure:12483: $? = 1
configure: failed program was:
| /* confdefs.h */
| #define PACKAGE_NAME "libzip"
| #define PACKAGE_TARNAME "libzip"
| #define PACKAGE_VERSION "1.2.0"
| #define PACKAGE_STRING "libzip 1.2.0"
| #define PACKAGE_BUGREPORT "libzip@nih.at"
| #define PACKAGE_URL ""
| #define PACKAGE "libzip"
| #define VERSION "1.2.0"
| #define STDC_HEADERS 1
| #define HAVE_SYS_TYPES_H 1
| #define HAVE_SYS_STAT_H 1
| #define HAVE_STDLIB_H 1
| #define HAVE_STRING_H 1
| #define HAVE_MEMORY_H 1
| #define HAVE_STRINGS_H 1
| #define HAVE_INTTYPES_H 1
| #define HAVE_STDINT_H 1
| #define HAVE_UNISTD_H 1
| #define HAVE_LIBZ 1
| #define HAVE_DLFCN_H 1
| #define LT_OBJDIR ".libs/"
| #define HAVE_FILENO 1
| #define HAVE_FSEEKO 1
| #define HAVE_FTELLO 1
| #define HAVE_GETOPT 1
| #define HAVE_GETPROGNAME 1
| #define HAVE_OPEN 1
| #define HAVE_SETMODE 1
| #define HAVE_SNPRINTF 1
| #define HAVE_STRCASECMP 1
| #define HAVE_STRDUP 1
| #define HAVE_STRTOLL 1
| #define HAVE_STRTOULL 1
| #define HAVE_MKSTEMP 1
| #define HAVE___PROGNAME 1
| #define HAVE_FTS_H 1
| #define HAVE_STDBOOL_H 1
| #define HAVE_STRINGS_H 1
| #define HAVE_UNISTD_H 1
| #define HAVE_INT8_T 1
| /* end confdefs.h.  */
| #include <stdio.h>
| #ifdef HAVE_SYS_TYPES_H
| # include <sys/types.h>
| #endif
| #ifdef HAVE_SYS_STAT_H
| # include <sys/stat.h>
| #endif
| #ifdef STDC_HEADERS
| # include <stdlib.h>
| # include <stddef.h>
| #else
| # ifdef HAVE_STDLIB_H
| #  include <stdlib.h>
| # endif
| #endif
| #ifdef HAVE_STRING_H
| # if !defined STDC_HEADERS && defined HAVE_MEMORY_H
| #  include <memory.h>
| # endif
| # include <string.h>
| #endif
| #ifdef HAVE_STRINGS_H
| # include <strings.h>
| #endif
| #ifdef HAVE_INTTYPES_H
| # include <inttypes.h>
| #endif
| #ifdef HAVE_STDINT_H
| # include <stdint.h>
| #endif
| #ifdef HAVE_UNISTD_H
| # include <unistd.h>
| #endif
| int
| main ()
| {
| if (sizeof ((int16_t)))
| 	    return 0;
|   ;
|   return 0;
| }
configure:12483: result: yes
configure:12493: checking for int32_t
configure:12493: gcc -c -g -O2  conftest.c >&5
configure:12493: $? = 0
configure:12493: gcc -c -g -O2  conftest.c >&5
conftest.c:80:22: error: expected expression
if (sizeof ((int32_t)))
                     ^
1 error generated.
configure:12493: $? = 1
configure: failed program was:
| /* confdefs.h */
| #define PACKAGE_NAME "libzip"
| #define PACKAGE_TARNAME "libzip"
| #define PACKAGE_VERSION "1.2.0"
| #define PACKAGE_STRING "libzip 1.2.0"
| #define PACKAGE_BUGREPORT "libzip@nih.at"
| #define PACKAGE_URL ""
| #define PACKAGE "libzip"
| #define VERSION "1.2.0"
| #define STDC_HEADERS 1
| #define HAVE_SYS_TYPES_H 1
| #define HAVE_SYS_STAT_H 1
| #define HAVE_STDLIB_H 1
| #define HAVE_STRING_H 1
| #define HAVE_MEMORY_H 1
| #define HAVE_STRINGS_H 1
| #define HAVE_INTTYPES_H 1
| #define HAVE_STDINT_H 1
| #define HAVE_UNISTD_H 1
| #define HAVE_LIBZ 1
| #define HAVE_DLFCN_H 1
| #define LT_OBJDIR ".libs/"
| #define HAVE_FILENO 1
| #define HAVE_FSEEKO 1
| #define HAVE_FTELLO 1
| #define HAVE_GETOPT 1
| #define HAVE_GETPROGNAME 1
| #define HAVE_OPEN 1
| #define HAVE_SETMODE 1
| #define HAVE_SNPRINTF 1
| #define HAVE_STRCASECMP 1
| #define HAVE_STRDUP 1
| #define HAVE_STRTOLL 1
| #define HAVE_STRTOULL 1
| #define HAVE_MKSTEMP 1
| #define HAVE___PROGNAME 1
| #define HAVE_FTS_H 1
| #define HAVE_STDBOOL_H 1
| #define HAVE_STRINGS_H 1
| #define HAVE_UNISTD_H 1
| #define HAVE_INT8_T 1
| #define HAVE_INT16_T 1
| /* end confdefs.h.  */
| #include <stdio.h>
| #ifdef HAVE_SYS_TYPES_H
| # include <sys/types.h>
| #endif
| #ifdef HAVE_SYS_STAT_H
| # include <sys/stat.h>
| #endif
| #ifdef STDC_HEADERS
| # include <stdlib.h>
| # include <stddef.h>
| #else
| # ifdef HAVE_STDLIB_H
| #  include <stdlib.h>
| # endif
| #endif
| #ifdef HAVE_STRING_H
| # if !defined STDC_HEADERS && defined HAVE_MEMORY_H
| #  include <memory.h>
| # endif
| # include <string.h>
| #endif
| #ifdef HAVE_STRINGS_H
| # include <strings.h>
| #endif
| #ifdef HAVE_INTTYPES_H
| # include <inttypes.h>
| #endif
| #ifdef HAVE_STDINT_H
| # include <stdint.h>
| #endif
| #ifdef HAVE_UNISTD_H
| # include <unistd.h>
| #endif
| int
| main ()
| {
| if (sizeof ((int32_t)))
| 	    return 0;
|   ;
|   return 0;
| }
configure:12493: result: yes
configure:12503: checking for int64_t
configure:12503: gcc -c -g -O2  conftest.c >&5
configure:12503: $? = 0
configure:12503: gcc -c -g -O2  conftest.c >&5
conftest.c:81:22: error: expected expression
if (sizeof ((int64_t)))
                     ^
1 error generated.
configure:12503: $? = 1
configure: failed program was:
| /* confdefs.h */
| #define PACKAGE_NAME "libzip"
| #define PACKAGE_TARNAME "libzip"
| #define PACKAGE_VERSION "1.2.0"
| #define PACKAGE_STRING "libzip 1.2.0"
| #define PACKAGE_BUGREPORT "libzip@nih.at"
| #define PACKAGE_URL ""
| #define PACKAGE "libzip"
| #define VERSION "1.2.0"
| #define STDC_HEADERS 1
| #define HAVE_SYS_TYPES_H 1
| #define HAVE_SYS_STAT_H 1
| #define HAVE_STDLIB_H 1
| #define HAVE_STRING_H 1
| #define HAVE_MEMORY_H 1
| #define HAVE_STRINGS_H 1
| #define HAVE_INTTYPES_H 1
| #define HAVE_STDINT_H 1
| #define HAVE_UNISTD_H 1
| #define HAVE_LIBZ 1
| #define HAVE_DLFCN_H 1
| #define LT_OBJDIR ".libs/"
| #define HAVE_FILENO 1
| #define HAVE_FSEEKO 1
| #define HAVE_FTELLO 1
| #define HAVE_GETOPT 1
| #define HAVE_GETPROGNAME 1
| #define HAVE_OPEN 1
| #define HAVE_SETMODE 1
| #define HAVE_SNPRINTF 1
| #define HAVE_STRCASECMP 1
| #define HAVE_STRDUP 1
| #define HAVE_STRTOLL 1
| #define HAVE_STRTOULL 1
| #define HAVE_MKSTEMP 1
| #define HAVE___PROGNAME 1
| #define HAVE_FTS_H 1
| #define HAVE_STDBOOL_H 1
| #define HAVE_STRINGS_H 1
| #define HAVE_UNISTD_H 1
| #define HAVE_INT8_T 1
| #define HAVE_INT16_T 1
| #define HAVE_INT32_T 1
| /* end confdefs.h.  */
| #include <stdio.h>
| #ifdef HAVE_SYS_TYPES_H
| # include <sys/types.h>
| #endif
| #ifdef HAVE_SYS_STAT_H
| # include <sys/stat.h>
| #endif
| #ifdef STDC_HEADERS
| # include <stdlib.h>
| # include <stddef.h>
| #else
| # ifdef HAVE_STDLIB_H
| #  include <stdlib.h>
| # endif
| #endif
| #ifdef HAVE_STRING_H
| # if !defined STDC_HEADERS && defined HAVE_MEMORY_H
| #  include <memory.h>
| # endif
| # include <string.h>
| #endif
| #ifdef HAVE_STRINGS_H
| # include <strings.h>
| #endif
| #ifdef HAVE_INTTYPES_H
| # include <inttypes.h>
| #endif
| #ifdef HAVE_STDINT_H
| # include <stdint.h>
| #endif
| #ifdef HAVE_UNISTD_H
| # include <unistd.h>
| #endif
| int
| main ()
| {
| if (sizeof ((int64_t)))
| 	    return 0;
|   ;
|   return 0;
| }
configure:12503: result: yes
configure:12513: checking for uint8_t
configure:12513: gcc -c -g -O2  conftest.c >&5
configure:12513: $? = 0
configure:12513: gcc -c -g -O2  conftest.c >&5
conftest.c:82:22: error: expected expression
if (sizeof ((uint8_t)))
                     ^
1 error generated.
configure:12513: $? = 1
configure: failed program was:
| /* confdefs.h */
| #define PACKAGE_NAME "libzip"
| #define PACKAGE_TARNAME "libzip"
| #define PACKAGE_VERSION "1.2.0"
| #define PACKAGE_STRING "libzip 1.2.0"
| #define PACKAGE_BUGREPORT "libzip@nih.at"
| #define PACKAGE_URL ""
| #define PACKAGE "libzip"
| #define VERSION "1.2.0"
| #define STDC_HEADERS 1
| #define HAVE_SYS_TYPES_H 1
| #define HAVE_SYS_STAT_H 1
| #define HAVE_STDLIB_H 1
| #define HAVE_STRING_H 1
| #define HAVE_MEMORY_H 1
| #define HAVE_STRINGS_H 1
| #define HAVE_INTTYPES_H 1
| #define HAVE_STDINT_H 1
| #define HAVE_UNISTD_H 1
| #define HAVE_LIBZ 1
| #define HAVE_DLFCN_H 1
| #define LT_OBJDIR ".libs/"
| #define HAVE_FILENO 1
| #define HAVE_FSEEKO 1
| #define HAVE_FTELLO 1
| #define HAVE_GETOPT 1
| #define HAVE_GETPROGNAME 1
| #define HAVE_OPEN 1
| #define HAVE_SETMODE 1
| #define HAVE_SNPRINTF 1
| #define HAVE_STRCASECMP 1
| #define HAVE_STRDUP 1
| #define HAVE_STRTOLL 1
| #define HAVE_STRTOULL 1
| #define HAVE_MKSTEMP 1
| #define HAVE___PROGNAME 1
| #define HAVE_FTS_H 1
| #define HAVE_STDBOOL_H 1
| #define HAVE_STRINGS_H 1
| #define HAVE_UNISTD_H 1
| #define HAVE_INT8_T 1
| #define HAVE_INT16_T 1
| #define HAVE_INT32_T 1
| #define HAVE_INT64_T 1
| /* end confdefs.h.  */
| #include <stdio.h>
| #ifdef HAVE_SYS_TYPES_H
| # include <sys/types.h>
| #endif
| #ifdef HAVE_SYS_STAT_H
| # include <sys/stat.h>
| #endif
| #ifdef STDC_HEADERS
| # include <stdlib.h>
| # include <stddef.h>
| #else
| # ifdef HAVE_STDLIB_H
| #  include <stdlib.h>
| # endif
| #endif
| #ifdef HAVE_STRING_H
| # if !defined STDC_HEADERS && defined HAVE_MEMORY_H
| #  include <memory.h>
| # endif
| # include <string.h>
| #endif
| #ifdef HAVE_STRINGS_H
| # include <strings.h>
| #endif
| #ifdef HAVE_INTTYPES_H
| # include <inttypes.h>
| #endif
| #ifdef HAVE_STDINT_H
| # include <stdint.h>
| #endif
| #ifdef HAVE_UNISTD_H
| # include <unistd.h>
| #endif
| int
| main ()
| {
| if (sizeof ((uint8_t)))
| 	    return 0;
|   ;
|   return 0;
| }
configure:12513: result: yes
configure:12523: checking for uint16_t
configure:12523: gcc -c -g -O2  conftest.c >&5
configure:12523: $? = 0
configure:12523: gcc -c -g -O2  conftest.c >&5
conftest.c:83:23: error: expected expression
if (sizeof ((uint16_t)))
                      ^
1 error generated.
configure:12523: $? = 1
configure: failed program was:
| /* confdefs.h */
| #define PACKAGE_NAME "libzip"
| #define PACKAGE_TARNAME "libzip"
| #define PACKAGE_VERSION "1.2.0"
| #define PACKAGE_STRING "libzip 1.2.0"
| #define PACKAGE_BUGREPORT "libzip@nih.at"
| #define PACKAGE_URL ""
| #define PACKAGE "libzip"
| #define VERSION "1.2.0"
| #define STDC_HEADERS 1
| #define HAVE_SYS_TYPES_H 1
| #define HAVE_SYS_STAT_H 1
| #define HAVE_STDLIB_H 1
| #define HAVE_STRING_H 1
| #define HAVE_MEMORY_H 1
| #define HAVE_STRINGS_H 1
| #define HAVE_INTTYPES_H 1
| #define HAVE_STDINT_H 1
| #define HAVE_UNISTD_H 1
| #define HAVE_LIBZ 1
| #define HAVE_DLFCN_H 1
| #define LT_OBJDIR ".libs/"
| #define HAVE_FILENO 1
| #define HAVE_FSEEKO 1
| #define HAVE_FTELLO 1
| #define HAVE_GETOPT 1
| #define HAVE_GETPROGNAME 1
| #define HAVE_OPEN 1
| #define HAVE_SETMODE 1
| #define HAVE_SNPRINTF 1
| #define HAVE_STRCASECMP 1
| #define HAVE_STRDUP 1
| #define HAVE_STRTOLL 1
| #define HAVE_STRTOULL 1
| #define HAVE_MKSTEMP 1
| #define HAVE___PROGNAME 1
| #define HAVE_FTS_H 1
| #define HAVE_STDBOOL_H 1
| #define HAVE_STRINGS_H 1
| #define HAVE_UNISTD_H 1
| #define HAVE_INT8_T 1
| #define HAVE_INT16_T 1
| #define HAVE_INT32_T 1
| #define HAVE_INT64_T 1
| #define HAVE_UINT8_T 1
| /* end confdefs.h.  */
| #include <stdio.h>
| #ifdef HAVE_SYS_TYPES_H
| # include <sys/types.h>
| #endif
| #ifdef HAVE_SYS_STAT_H
| # include <sys/stat.h>
| #endif
| #ifdef STDC_HEADERS
| # include <stdlib.h>
| # include <stddef.h>
| #else
| # ifdef HAVE_STDLIB_H
| #  include <stdlib.h>
| # endif
| #endif
| #ifdef HAVE_STRING_H
| # if !defined STDC_HEADERS && defined HAVE_MEMORY_H
| #  include <memory.h>
| # endif
| # include <string.h>
| #endif
| #ifdef HAVE_STRINGS_H
| # include <strings.h>
| #endif
| #ifdef HAVE_INTTYPES_H
| # include <inttypes.h>
| #endif
| #ifdef HAVE_STDINT_H
| # include <stdint.h>
| #endif
| #ifdef HAVE_UNISTD_H
| # include <unistd.h>
| #endif
| int
| main ()
| {
| if (sizeof ((uint16_t)))
| 	    return 0;
|   ;
|   return 0;
| }
configure:12523: result: yes
configure:12533: checking for uint32_t
configure:12533: gcc -c -g -O2  conftest.c >&5
configure:12533: $? = 0
configure:12533: gcc -c -g -O2  conftest.c >&5
conftest.c:84:23: error: expected expression
if (sizeof ((uint32_t)))
                      ^
1 error generated.
configure:12533: $? = 1
configure: failed program was:
| /* confdefs.h */
| #define PACKAGE_NAME "libzip"
| #define PACKAGE_TARNAME "libzip"
| #define PACKAGE_VERSION "1.2.0"
| #define PACKAGE_STRING "libzip 1.2.0"
| #define PACKAGE_BUGREPORT "libzip@nih.at"
| #define PACKAGE_URL ""
| #define PACKAGE "libzip"
| #define VERSION "1.2.0"
| #define STDC_HEADERS 1
| #define HAVE_SYS_TYPES_H 1
| #define HAVE_SYS_STAT_H 1
| #define HAVE_STDLIB_H 1
| #define HAVE_STRING_H 1
| #define HAVE_MEMORY_H 1
| #define HAVE_STRINGS_H 1
| #define HAVE_INTTYPES_H 1
| #define HAVE_STDINT_H 1
| #define HAVE_UNISTD_H 1
| #define HAVE_LIBZ 1
| #define HAVE_DLFCN_H 1
| #define LT_OBJDIR ".libs/"
| #define HAVE_FILENO 1
| #define HAVE_FSEEKO 1
| #define HAVE_FTELLO 1
| #define HAVE_GETOPT 1
| #define HAVE_GETPROGNAME 1
| #define HAVE_OPEN 1
| #define HAVE_SETMODE 1
| #define HAVE_SNPRINTF 1
| #define HAVE_STRCASECMP 1
| #define HAVE_STRDUP 1
| #define HAVE_STRTOLL 1
| #define HAVE_STRTOULL 1
| #define HAVE_MKSTEMP 1
| #define HAVE___PROGNAME 1
| #define HAVE_FTS_H 1
| #define HAVE_STDBOOL_H 1
| #define HAVE_STRINGS_H 1
| #define HAVE_UNISTD_H 1
| #define HAVE_INT8_T 1
| #define HAVE_INT16_T 1
| #define HAVE_INT32_T 1
| #define HAVE_INT64_T 1
| #define HAVE_UINT8_T 1
| #define HAVE_UINT16_T 1
| /* end confdefs.h.  */
| #include <stdio.h>
| #ifdef HAVE_SYS_TYPES_H
| # include <sys/types.h>
| #endif
| #ifdef HAVE_SYS_STAT_H
| # include <sys/stat.h>
| #endif
| #ifdef STDC_HEADERS
| # include <stdlib.h>
| # include <stddef.h>
| #else
| # ifdef HAVE_STDLIB_H
| #  include <stdlib.h>
| # endif
| #endif
| #ifdef HAVE_STRING_H
| # if !defined STDC_HEADERS && defined HAVE_MEMORY_H
| #  include <memory.h>
| # endif
| # include <string.h>
| #endif
| #ifdef HAVE_STRINGS_H
| # include <strings.h>
| #endif
| #ifdef HAVE_INTTYPES_H
| # include <inttypes.h>
| #endif
| #ifdef HAVE_STDINT_H
| # include <stdint.h>
| #endif
| #ifdef HAVE_UNISTD_H
| # include <unistd.h>
| #endif
| int
| main ()
| {
| if (sizeof ((uint32_t)))
| 	    return 0;
|   ;
|   return 0;
| }
configure:12533: result: yes
configure:12543: checking for uint64_t
configure:12543: gcc -c -g -O2  conftest.c >&5
configure:12543: $? = 0
configure:12543: gcc -c -g -O2  conftest.c >&5
conftest.c:85:23: error: expected expression
if (sizeof ((uint64_t)))
                      ^
1 error generated.
configure:12543: $? = 1
configure: failed program was:
| /* confdefs.h */
| #define PACKAGE_NAME "libzip"
| #define PACKAGE_TARNAME "libzip"
| #define PACKAGE_VERSION "1.2.0"
| #define PACKAGE_STRING "libzip 1.2.0"
| #define PACKAGE_BUGREPORT "libzip@nih.at"
| #define PACKAGE_URL ""
| #define PACKAGE "libzip"
| #define VERSION "1.2.0"
| #define STDC_HEADERS 1
| #define HAVE_SYS_TYPES_H 1
| #define HAVE_SYS_STAT_H 1
| #define HAVE_STDLIB_H 1
| #define HAVE_STRING_H 1
| #define HAVE_MEMORY_H 1
| #define HAVE_STRINGS_H 1
| #define HAVE_INTTYPES_H 1
| #define HAVE_STDINT_H 1
| #define HAVE_UNISTD_H 1
| #define HAVE_LIBZ 1
| #define HAVE_DLFCN_H 1
| #define LT_OBJDIR ".libs/"
| #define HAVE_FILENO 1
| #define HAVE_FSEEKO 1
| #define HAVE_FTELLO 1
| #define HAVE_GETOPT 1
| #define HAVE_GETPROGNAME 1
| #define HAVE_OPEN 1
| #define HAVE_SETMODE 1
| #define HAVE_SNPRINTF 1
| #define HAVE_STRCASECMP 1
| #define HAVE_STRDUP 1
| #define HAVE_STRTOLL 1
| #define HAVE_STRTOULL 1
| #define HAVE_MKSTEMP 1
| #define HAVE___PROGNAME 1
| #define HAVE_FTS_H 1
| #define HAVE_STDBOOL_H 1
| #define HAVE_STRINGS_H 1
| #define HAVE_UNISTD_H 1
| #define HAVE_INT8_T 1
| #define HAVE_INT16_T 1
| #define HAVE_INT32_T 1
| #define HAVE_INT64_T 1
| #define HAVE_UINT8_T 1
| #define HAVE_UINT16_T 1
| #define HAVE_UINT32_T 1
| /* end confdefs.h.  */
| #include <stdio.h>
| #ifdef HAVE_SYS_TYPES_H
| # include <sys/types.h>
| #endif
| #ifdef HAVE_SYS_STAT_H
| # include <sys/stat.h>
| #endif
| #ifdef STDC_HEADERS
| # include <stdlib.h>
| # include <stddef.h>
| #else
| # ifdef HAVE_STDLIB_H
| #  include <stdlib.h>
| # endif
| #endif
| #ifdef HAVE_STRING_H
| # if !defined STDC_HEADERS && defined HAVE_MEMORY_H
| #  include <memory.h>
| # endif
| # include <string.h>
| #endif
| #ifdef HAVE_STRINGS_H
| # include <strings.h>
| #endif
| #ifdef HAVE_INTTYPES_H
| # include <inttypes.h>
| #endif
| #ifdef HAVE_STDINT_H
| # include <stdint.h>
| #endif
| #ifdef HAVE_UNISTD_H
| # include <unistd.h>
| #endif
| int
| main ()
| {
| if (sizeof ((uint64_t)))
| 	    return 0;
|   ;
|   return 0;
| }
configure:12543: result: yes
configure:12553: checking for ssize_t
configure:12553: gcc -c -g -O2  conftest.c >&5
configure:12553: $? = 0
configure:12553: gcc -c -g -O2  conftest.c >&5
conftest.c:86:22: error: expected expression
if (sizeof ((ssize_t)))
                     ^
1 error generated.
configure:12553: $? = 1
configure: failed program was:
| /* confdefs.h */
| #define PACKAGE_NAME "libzip"
| #define PACKAGE_TARNAME "libzip"
| #define PACKAGE_VERSION "1.2.0"
| #define PACKAGE_STRING "libzip 1.2.0"
| #define PACKAGE_BUGREPORT "libzip@nih.at"
| #define PACKAGE_URL ""
| #define PACKAGE "libzip"
| #define VERSION "1.2.0"
| #define STDC_HEADERS 1
| #define HAVE_SYS_TYPES_H 1
| #define HAVE_SYS_STAT_H 1
| #define HAVE_STDLIB_H 1
| #define HAVE_STRING_H 1
| #define HAVE_MEMORY_H 1
| #define HAVE_STRINGS_H 1
| #define HAVE_INTTYPES_H 1
| #define HAVE_STDINT_H 1
| #define HAVE_UNISTD_H 1
| #define HAVE_LIBZ 1
| #define HAVE_DLFCN_H 1
| #define LT_OBJDIR ".libs/"
| #define HAVE_FILENO 1
| #define HAVE_FSEEKO 1
| #define HAVE_FTELLO 1
| #define HAVE_GETOPT 1
| #define HAVE_GETPROGNAME 1
| #define HAVE_OPEN 1
| #define HAVE_SETMODE 1
| #define HAVE_SNPRINTF 1
| #define HAVE_STRCASECMP 1
| #define HAVE_STRDUP 1
| #define HAVE_STRTOLL 1
| #define HAVE_STRTOULL 1
| #define HAVE_MKSTEMP 1
| #define HAVE___PROGNAME 1
| #define HAVE_FTS_H 1
| #define HAVE_STDBOOL_H 1
| #define HAVE_STRINGS_H 1
| #define HAVE_UNISTD_H 1
| #define HAVE_INT8_T 1
| #define HAVE_INT16_T 1
| #define HAVE_INT32_T 1
| #define HAVE_INT64_T 1
| #define HAVE_UINT8_T 1
| #define HAVE_UINT16_T 1
| #define HAVE_UINT32_T 1
| #define HAVE_UINT64_T 1
| /* end confdefs.h.  */
| #include <stdio.h>
| #ifdef HAVE_SYS_TYPES_H
| # include <sys/types.h>
| #endif
| #ifdef HAVE_SYS_STAT_H
| # include <sys/stat.h>
| #endif
| #ifdef STDC_HEADERS
| # include <stdlib.h>
| # include <stddef.h>
| #else
| # ifdef HAVE_STDLIB_H
| #  include <stdlib.h>
| # endif
| #endif
| #ifdef HAVE_STRING_H
| # if !defined STDC_HEADERS && defined HAVE_MEMORY_H
| #  include <memory.h>
| # endif
| # include <string.h>
| #endif
| #ifdef HAVE_STRINGS_H
| # include <strings.h>
| #endif
| #ifdef HAVE_INTTYPES_H
| # include <inttypes.h>
| #endif
| #ifdef HAVE_STDINT_H
| # include <stdint.h>
| #endif
| #ifdef HAVE_UNISTD_H
| # include <unistd.h>
| #endif
| int
| main ()
| {
| if (sizeof ((ssize_t)))
| 	    return 0;
|   ;
|   return 0;
| }
configure:12553: result: yes
configure:12568: checking size of short
configure:12573: gcc -o conftest -g -O2   conftest.c -lz  >&5
configure:12573: $? = 0
configure:12573: ./conftest
configure:12573: $? = 0
configure:12587: result: 2
configure:12601: checking size of int
configure:12606: gcc -o conftest -g -O2   conftest.c -lz  >&5
configure:12606: $? = 0
configure:12606: ./conftest
configure:12606: $? = 0
configure:12620: result: 4
configure:12634: checking size of long
configure:12639: gcc -o conftest -g -O2   conftest.c -lz  >&5
configure:12639: $? = 0
configure:12639: ./conftest
configure:12639: $? = 0
configure:12653: result: 8
configure:12667: checking size of long long
configure:12672: gcc -o conftest -g -O2   conftest.c -lz  >&5
configure:12672: $? = 0
configure:12672: ./conftest
configure:12672: $? = 0
configure:12686: result: 8
configure:12700: checking size of off_t
configure:12705: gcc -o conftest -g -O2   conftest.c -lz  >&5
configure:12705: $? = 0
configure:12705: ./conftest
configure:12705: $? = 0
configure:12719: result: 8
configure:12733: checking size of size_t
configure:12738: gcc -o conftest -g -O2   conftest.c -lz  >&5
configure:12738: $? = 0
configure:12738: ./conftest
configure:12738: $? = 0
configure:12752: result: 8
configure:12763: checking whether struct tm is in sys/time.h or time.h
configure:12783: gcc -c -g -O2  conftest.c >&5
configure:12783: $? = 0
configure:12790: result: time.h
configure:12798: checking for struct tm.tm_zone
configure:12798: gcc -c -g -O2  conftest.c >&5
configure:12798: $? = 0
configure:12798: result: yes
configure:12880: checking for simple visibility declarations
configure:12902: gcc -c -g -O2 -fvisibility=hidden  conftest.c >&5
configure:12902: $? = 0
configure:12911: result: yes
configure:13038: checking that generated files are newer than configure
configure:13044: result: done
configure:13072: creating ./config.status

## ---------------------- ##
## Running config.status. ##
## ---------------------- ##

This file was extended by libzip config.status 1.2.0, which was
generated by GNU Autoconf 2.69.  Invocation command line was

  CONFIG_FILES    = 
  CONFIG_HEADERS  = 
  CONFIG_LINKS    = 
  CONFIG_COMMANDS = 
  $ ./config.status 

on MacBook-Pro-de-Marco.local

config.status:1129: creating Makefile
config.status:1129: creating libzip.pc
config.status:1129: creating libzip-uninstalled.pc
config.status:1129: creating examples/Makefile
config.status:1129: creating man/Makefile
config.status:1129: creating lib/Makefile
config.status:1129: creating lib/gladman-fcrypt/Makefile
config.status:1129: creating regress/Makefile
config.status:1129: creating src/Makefile
config.status:1129: creating config.h
config.status:1310: config.h is unchanged
config.status:1358: executing depfiles commands
config.status:1358: executing libtool commands

## ---------------- ##
## Cache variables. ##
## ---------------- ##

ac_cv_build=x86_64-apple-darwin16.6.0
ac_cv_c_bigendian=no
ac_cv_c_compiler_gnu=yes
ac_cv_env_CC_set=
ac_cv_env_CC_value=
ac_cv_env_CFLAGS_set=
ac_cv_env_CFLAGS_value=
ac_cv_env_CPPFLAGS_set=
ac_cv_env_CPPFLAGS_value=
ac_cv_env_CPP_set=
ac_cv_env_CPP_value=
ac_cv_env_LDFLAGS_set=
ac_cv_env_LDFLAGS_value=
ac_cv_env_LIBS_set=
ac_cv_env_LIBS_value=
ac_cv_env_build_alias_set=
ac_cv_env_build_alias_value=
ac_cv_env_host_alias_set=
ac_cv_env_host_alias_value=
ac_cv_env_target_alias_set=
ac_cv_env_target_alias_value=
ac_cv_func__close=no
ac_cv_func__dup=no
ac_cv_func__fdopen=no
ac_cv_func__fileno=no
ac_cv_func__open=no
ac_cv_func__setmode=no
ac_cv_func__snprintf=no
ac_cv_func__strdup=no
ac_cv_func__stricmp=no
ac_cv_func__strtoi64=no
ac_cv_func__strtoui64=no
ac_cv_func_explicit_bzero=no
ac_cv_func_explicit_memset=no
ac_cv_func_fileno=yes
ac_cv_func_fseeko=yes
ac_cv_func_ftello=yes
ac_cv_func_getopt=yes
ac_cv_func_getprogname=yes
ac_cv_func_mkstemp=yes
ac_cv_func_open=yes
ac_cv_func_setmode=yes
ac_cv_func_snprintf=yes
ac_cv_func_strcasecmp=yes
ac_cv_func_strdup=yes
ac_cv_func_stricmp=no
ac_cv_func_strtoll=yes
ac_cv_func_strtoull=yes
ac_cv_header_dlfcn_h=yes
ac_cv_header_fts_h=yes
ac_cv_header_inttypes_h=yes
ac_cv_header_memory_h=yes
ac_cv_header_stdbool_h=yes
ac_cv_header_stdc=yes
ac_cv_header_stdint_h=yes
ac_cv_header_stdlib_h=yes
ac_cv_header_string_h=yes
ac_cv_header_strings_h=yes
ac_cv_header_sys_stat_h=yes
ac_cv_header_sys_types_h=yes
ac_cv_header_unistd_h=yes
ac_cv_host=x86_64-apple-darwin16.6.0
ac_cv_lib_dl_dlsym=yes
ac_cv_lib_z_main=yes
ac_cv_libc_defines___progname=yes
ac_cv_member_struct_tm_tm_zone=yes
ac_cv_objext=o
ac_cv_path_EGREP='/usr/bin/grep -E'
ac_cv_path_FGREP='/usr/bin/grep -F'
ac_cv_path_GREP=/usr/bin/grep
ac_cv_path_SED=/usr/bin/sed
ac_cv_path_install='/usr/bin/install -c'
ac_cv_prog_AWK=awk
ac_cv_prog_CPP='gcc -E'
ac_cv_prog_ac_ct_AR=ar
ac_cv_prog_ac_ct_CC=gcc
ac_cv_prog_ac_ct_DSYMUTIL=dsymutil
ac_cv_prog_ac_ct_LIPO=lipo
ac_cv_prog_ac_ct_NMEDIT=nmedit
ac_cv_prog_ac_ct_OBJDUMP=objdump
ac_cv_prog_ac_ct_OTOOL=otool
ac_cv_prog_ac_ct_RANLIB=ranlib
ac_cv_prog_ac_ct_STRIP=strip
ac_cv_prog_cc_c89=
ac_cv_prog_cc_g=yes
ac_cv_prog_make_make_set=yes
ac_cv_sizeof_int=4
ac_cv_sizeof_long=8
ac_cv_sizeof_long_long=8
ac_cv_sizeof_off_t=8
ac_cv_sizeof_short=2
ac_cv_sizeof_size_t=8
ac_cv_struct_tm=time.h
ac_cv_sys_file_offset_bits=no
ac_cv_sys_largefile_CC=no
ac_cv_type_int16_t=yes
ac_cv_type_int32_t=yes
ac_cv_type_int64_t=yes
ac_cv_type_int8_t=yes
ac_cv_type_ssize_t=yes
ac_cv_type_uint16_t=yes
ac_cv_type_uint32_t=yes
ac_cv_type_uint64_t=yes
ac_cv_type_uint8_t=yes
ac_cv_win32_host=no
am_cv_CC_dependencies_compiler_type=gcc3
am_cv_make_support_nested_variables=yes
am_cv_prog_cc_c_o=yes
gl_cv_cc_visibility=yes
id_cv_lib_zlib_ok=yes
lt_cv_apple_cc_single_mod=yes
lt_cv_ar_at_file=no
lt_cv_deplibs_check_method=pass_all
lt_cv_file_magic_cmd='$MAGIC_CMD'
lt_cv_file_magic_test_file=
lt_cv_ld_exported_symbols_list=yes
lt_cv_ld_force_load=yes
lt_cv_ld_reload_flag=-r
lt_cv_nm_interface='BSD nm'
lt_cv_objdir=.libs
lt_cv_path_LD=/Applications/Xcode.app/Contents/Developer/Toolchains/XcodeDefault.xctoolchain/usr/bin/ld
lt_cv_path_NM='/usr/bin/nm -B'
lt_cv_path_mainfest_tool=no
lt_cv_prog_compiler_c_o=yes
lt_cv_prog_compiler_pic='-fno-common -DPIC'
lt_cv_prog_compiler_pic_works=yes
lt_cv_prog_compiler_rtti_exceptions=yes
lt_cv_prog_compiler_static_works=no
lt_cv_prog_gnu_ld=no
lt_cv_sharedlib_from_linklib_cmd='printf %s\n'
lt_cv_sys_global_symbol_pipe='sed -n -e '\''s/^.*[	 ]\([BCDEGRST][BCDEGRST]*\)[	 ][	 ]*_\([_A-Za-z][_A-Za-z0-9]*\)$/\1 _\2 \2/p'\'' | sed '\''/ __gnu_lto/d'\'''
lt_cv_sys_global_symbol_to_c_name_address='sed -n -e '\''s/^: \([^ ]*\)[ ]*$/  {\"\1\", (void *) 0},/p'\'' -e '\''s/^[BCDEGRST]* \([^ ]*\) \([^ ]*\)$/  {"\2", (void *) \&\2},/p'\'''
lt_cv_sys_global_symbol_to_c_name_address_lib_prefix='sed -n -e '\''s/^: \([^ ]*\)[ ]*$/  {\"\1\", (void *) 0},/p'\'' -e '\''s/^[BCDEGRST]* \([^ ]*\) \(lib[^ ]*\)$/  {"\2", (void *) \&\2},/p'\'' -e '\''s/^[BCDEGRST]* \([^ ]*\) \([^ ]*\)$/  {"lib\2", (void *) \&\2},/p'\'''
lt_cv_sys_global_symbol_to_cdecl='sed -n -e '\''s/^T .* \(.*\)$/extern int \1();/p'\'' -e '\''s/^[BCDEGRST]* .* \(.*\)$/extern char \1;/p'\'''
lt_cv_sys_max_cmd_len=196608
lt_cv_to_host_file_cmd=func_convert_file_noop
lt_cv_to_tool_file_cmd=func_convert_file_noop

## ----------------- ##
## Output variables. ##
## ----------------- ##

ACLOCAL='${SHELL} /Users/marcoh/Development/kitt/kitt/libzip-1.2.0/missing aclocal-1.15'
AMDEPBACKSLASH='\'
AMDEP_FALSE='#'
AMDEP_TRUE=''
AMTAR='$${TAR-tar}'
AM_BACKSLASH='\'
AM_DEFAULT_V='$(AM_DEFAULT_VERBOSITY)'
AM_DEFAULT_VERBOSITY='1'
AM_V='$(V)'
AR='ar'
AUTOCONF='${SHELL} /Users/marcoh/Development/kitt/kitt/libzip-1.2.0/missing autoconf'
AUTOHEADER='${SHELL} /Users/marcoh/Development/kitt/kitt/libzip-1.2.0/missing autoheader'
AUTOMAKE='${SHELL} /Users/marcoh/Development/kitt/kitt/libzip-1.2.0/missing automake-1.15'
AWK='awk'
CC='gcc'
CCDEPMODE='depmode=gcc3'
CFLAGS='-g -O2'
CFLAG_VISIBILITY='-fvisibility=hidden'
CPP='gcc -E'
CPPFLAGS=''
CYGPATH_W='echo'
DEFS='-DHAVE_CONFIG_H'
DEPDIR='.deps'
DLLTOOL='false'
DLSYM_LIB='-ldl'
DSYMUTIL='dsymutil'
DUMPBIN=''
ECHO_C='\c'
ECHO_N=''
ECHO_T=''
EGREP='/usr/bin/grep -E'
EXEEXT=''
FGREP='/usr/bin/grep -F'
GREP='/usr/bin/grep'
HAVE_VISIBILITY='1'
INSTALL_DATA='${INSTALL} -m 644'
INSTALL_PROGRAM='${INSTALL}'
INSTALL_SCRIPT='${INSTALL}'
INSTALL_STRIP_PROGRAM='$(install_sh) -c -s'
LD='/Applications/Xcode.app/Contents/Developer/Toolchains/XcodeDefault.xctoolchain/usr/bin/ld'
LDFLAGS=''
LIBOBJS=''
LIBS='-lz '
LIBTOOL='$(SHELL) $(top_builddir)/libtool'
LIPO='lipo'
LN_S='ln -s'
LTLIBOBJS=''
MAKEINFO='${SHELL} /Users/marcoh/Development/kitt/kitt/libzip-1.2.0/missing makeinfo'
MANFMT='man'
MANIFEST_TOOL=':'
MKDIR_P='./install-sh -c -d'
NM='/usr/bin/nm -B'
NMEDIT='nmedit'
OBJDUMP='objdump'
OBJEXT='o'
OTOOL64=':'
OTOOL='otool'
PACKAGE='libzip'
PACKAGE_BUGREPORT='libzip@nih.at'
PACKAGE_NAME='libzip'
PACKAGE_STRING='libzip 1.2.0'
PACKAGE_TARNAME='libzip'
PACKAGE_URL=''
PACKAGE_VERSION='1.2.0'
PATH_SEPARATOR=':'
PKG_CONFIG_RPATH=''
RANLIB='ranlib'
SED='/usr/bin/sed'
SET_MAKE=''
SHELL='/bin/sh'
STRIP='strip'
VERSION='1.2.0'
WIN32_HOST_FALSE=''
WIN32_HOST_TRUE='#'
ac_ct_AR='ar'
ac_ct_CC='gcc'
ac_ct_DUMPBIN=''
am__EXEEXT_FALSE=''
am__EXEEXT_TRUE='#'
am__fastdepCC_FALSE='#'
am__fastdepCC_TRUE=''
am__include='include'
am__isrc=''
am__leading_dot='.'
am__nodep='_no'
am__quote=''
am__tar='$${TAR-tar} chof - "$$tardir"'
am__untar='$${TAR-tar} xf -'
bindir='${exec_prefix}/bin'
build='x86_64-apple-darwin16.6.0'
build_alias=''
build_cpu='x86_64'
build_os='darwin16.6.0'
build_vendor='apple'
datadir='${datarootdir}'
datarootdir='${prefix}/share'
docdir='${datarootdir}/doc/${PACKAGE_TARNAME}'
dvidir='${docdir}'
exec_prefix='${prefix}'
host='x86_64-apple-darwin16.6.0'
host_alias=''
host_cpu='x86_64'
host_os='darwin16.6.0'
host_vendor='apple'
htmldir='${docdir}'
includedir='${prefix}/include'
infodir='${datarootdir}/info'
install_sh='${SHELL} /Users/marcoh/Development/kitt/kitt/libzip-1.2.0/install-sh'
libdir='${exec_prefix}/lib'
libexecdir='${exec_prefix}/libexec'
localedir='${datarootdir}/locale'
localstatedir='${prefix}/var'
mandir='${datarootdir}/man'
mkdir_p='$(MKDIR_P)'
oldincludedir='/usr/include'
pdfdir='${docdir}'
prefix='/usr/local'
program_transform_name='s,x,x,'
psdir='${docdir}'
sbindir='${exec_prefix}/sbin'
sharedstatedir='${prefix}/com'
sysconfdir='${prefix}/etc'
target_alias=''

## ----------- ##
## confdefs.h. ##
## ----------- ##

/* confdefs.h */
#define PACKAGE_NAME "libzip"
#define PACKAGE_TARNAME "libzip"
#define PACKAGE_VERSION "1.2.0"
#define PACKAGE_STRING "libzip 1.2.0"
#define PACKAGE_BUGREPORT "libzip@nih.at"
#define PACKAGE_URL ""
#define PACKAGE "libzip"
#define VERSION "1.2.0"
#define STDC_HEADERS 1
#define HAVE_SYS_TYPES_H 1
#define HAVE_SYS_STAT_H 1
#define HAVE_STDLIB_H 1
#define HAVE_STRING_H 1
#define HAVE_MEMORY_H 1
#define HAVE_STRINGS_H 1
#define HAVE_INTTYPES_H 1
#define HAVE_STDINT_H 1
#define HAVE_UNISTD_H 1
#define HAVE_LIBZ 1
#define HAVE_DLFCN_H 1
#define LT_OBJDIR ".libs/"
#define HAVE_FILENO 1
#define HAVE_FSEEKO 1
#define HAVE_FTELLO 1
#define HAVE_GETOPT 1
#define HAVE_GETPROGNAME 1
#define HAVE_OPEN 1
#define HAVE_SETMODE 1
#define HAVE_SNPRINTF 1
#define HAVE_STRCASECMP 1
#define HAVE_STRDUP 1
#define HAVE_STRTOLL 1
#define HAVE_STRTOULL 1
#define HAVE_MKSTEMP 1
#define HAVE___PROGNAME 1
#define HAVE_FTS_H 1
#define HAVE_STDBOOL_H 1
#define HAVE_STRINGS_H 1
#define HAVE_UNISTD_H 1
#define HAVE_INT8_T 1
#define HAVE_INT16_T 1
#define HAVE_INT32_T 1
#define HAVE_INT64_T 1
#define HAVE_UINT8_T 1
#define HAVE_UINT16_T 1
#define HAVE_UINT32_T 1
#define HAVE_UINT64_T 1
#define HAVE_SSIZE_T 1
#define SIZEOF_SHORT 2
#define SIZEOF_INT 4
#define SIZEOF_LONG 8
#define SIZEOF_LONG_LONG 8
#define SIZEOF_OFF_T 8
#define SIZEOF_SIZE_T 8
#define HAVE_STRUCT_TM_TM_ZONE 1
#define HAVE_TM_ZONE 1
#define HAVE_VISIBILITY 1

configure: exit 0
